{"/home/travis/build/npmtest/node-npmtest-prelude-ls/test.js":{"path":"/home/travis/build/npmtest/node-npmtest-prelude-ls/test.js","s":{"1":2,"2":2,"3":2,"4":2,"5":2,"6":2,"7":2,"8":1,"9":2,"10":2,"11":1,"12":1,"13":1,"14":1,"15":2,"16":2,"17":2,"18":2,"19":1,"20":1,"21":2,"22":2,"23":2,"24":1,"25":1,"26":1,"27":1,"28":1,"29":1,"30":1,"31":1,"32":1,"33":1,"34":1,"35":1,"36":1,"37":1,"38":1,"39":2,"40":2,"41":1,"42":2,"43":2,"44":1,"45":2,"46":2,"47":1,"48":2,"49":2,"50":1,"51":1,"52":1,"53":1,"54":1},"b":{"1":[2,1,1,1],"2":[1,1,1,1],"3":[1,1],"4":[1,1],"5":[1,1],"6":[1,1],"7":[1,1],"8":[1,1],"9":[1,1],"10":[1,1,1],"11":[1,1],"12":[1,1],"13":[1,1],"14":[1,1],"15":[1,1],"16":[1,1],"17":[1,1]},"f":{"1":2,"2":2,"3":2,"4":2,"5":2,"6":1,"7":1,"8":1,"9":2,"10":2,"11":2,"12":2,"13":1},"fnMap":{"1":{"name":"(anonymous_1)","line":12,"loc":{"start":{"line":12,"column":1},"end":{"line":12,"column":13}}},"2":{"name":"(anonymous_2)","line":19,"loc":{"start":{"line":19,"column":5},"end":{"line":19,"column":17}}},"3":{"name":"(anonymous_3)","line":23,"loc":{"start":{"line":23,"column":24},"end":{"line":23,"column":36}}},"4":{"name":"(anonymous_4)","line":61,"loc":{"start":{"line":61,"column":5},"end":{"line":61,"column":17}}},"5":{"name":"(anonymous_5)","line":82,"loc":{"start":{"line":82,"column":5},"end":{"line":82,"column":17}}},"6":{"name":"(anonymous_6)","line":91,"loc":{"start":{"line":91,"column":77},"end":{"line":94,"column":10}}},"7":{"name":"(anonymous_7)","line":112,"loc":{"start":{"line":112,"column":83},"end":{"line":115,"column":10}},"skip":true},"8":{"name":"(anonymous_8)","line":123,"loc":{"start":{"line":123,"column":77},"end":{"line":126,"column":10}},"skip":true},"9":{"name":"(anonymous_9)","line":139,"loc":{"start":{"line":139,"column":12},"end":{"line":139,"column":40}},"skip":true},"10":{"name":"(anonymous_10)","line":147,"loc":{"start":{"line":147,"column":77},"end":{"line":150,"column":10}},"skip":true},"11":{"name":"(anonymous_11)","line":158,"loc":{"start":{"line":158,"column":83},"end":{"line":161,"column":10}},"skip":true},"12":{"name":"(anonymous_12)","line":169,"loc":{"start":{"line":169,"column":79},"end":{"line":172,"column":10}},"skip":true},"13":{"name":"(anonymous_13)","line":180,"loc":{"start":{"line":180,"column":75},"end":{"line":183,"column":10}},"skip":true}},"statementMap":{"1":{"start":{"line":12,"column":0},"end":{"line":195,"column":5}},"2":{"start":{"line":14,"column":4},"end":{"line":14,"column":14}},"3":{"start":{"line":19,"column":4},"end":{"line":56,"column":9}},"4":{"start":{"line":21,"column":8},"end":{"line":21,"column":19}},"5":{"start":{"line":23,"column":8},"end":{"line":35,"column":13}},"6":{"start":{"line":24,"column":12},"end":{"line":34,"column":13}},"7":{"start":{"line":25,"column":16},"end":{"line":28,"column":30}},"8":{"start":{"line":30,"column":16},"end":{"line":33,"column":27}},"9":{"start":{"line":37,"column":8},"end":{"line":39,"column":21}},"10":{"start":{"line":40,"column":8},"end":{"line":53,"column":9}},"11":{"start":{"line":43,"column":12},"end":{"line":46,"column":14}},"12":{"start":{"line":47,"column":12},"end":{"line":47,"column":18}},"13":{"start":{"line":50,"column":12},"end":{"line":51,"column":46}},"14":{"start":{"line":52,"column":12},"end":{"line":52,"column":18}},"15":{"start":{"line":55,"column":8},"end":{"line":55,"column":35}},"16":{"start":{"line":61,"column":4},"end":{"line":63,"column":9}},"17":{"start":{"line":62,"column":8},"end":{"line":62,"column":15}},"18":{"start":{"line":64,"column":4},"end":{"line":77,"column":5}},"19":{"start":{"line":70,"column":8},"end":{"line":70,"column":14}},"20":{"start":{"line":76,"column":8},"end":{"line":76,"column":14}},"21":{"start":{"line":82,"column":4},"end":{"line":84,"column":9}},"22":{"start":{"line":83,"column":8},"end":{"line":83,"column":15}},"23":{"start":{"line":85,"column":4},"end":{"line":194,"column":5}},"24":{"start":{"line":91,"column":8},"end":{"line":99,"column":10}},"25":{"start":{"line":98,"column":12},"end":{"line":98,"column":35}},"26":{"start":{"line":102,"column":8},"end":{"line":104,"column":63}},"27":{"start":{"line":105,"column":8},"end":{"line":105,"column":14}},"28":{"start":{"line":112,"column":8},"end":{"line":121,"column":10},"skip":true},"29":{"start":{"line":119,"column":12},"end":{"line":119,"column":55},"skip":true},"30":{"start":{"line":120,"column":12},"end":{"line":120,"column":48},"skip":true},"31":{"start":{"line":123,"column":8},"end":{"line":136,"column":10},"skip":true},"32":{"start":{"line":130,"column":12},"end":{"line":130,"column":76},"skip":true},"33":{"start":{"line":131,"column":12},"end":{"line":131,"column":73},"skip":true},"34":{"start":{"line":132,"column":12},"end":{"line":132,"column":74},"skip":true},"35":{"start":{"line":133,"column":12},"end":{"line":133,"column":79},"skip":true},"36":{"start":{"line":134,"column":12},"end":{"line":134,"column":25},"skip":true},"37":{"start":{"line":135,"column":12},"end":{"line":135,"column":45},"skip":true},"38":{"start":{"line":138,"column":8},"end":{"line":145,"column":14},"skip":true},"39":{"start":{"line":143,"column":16},"end":{"line":143,"column":29},"skip":true},"40":{"start":{"line":144,"column":16},"end":{"line":144,"column":55},"skip":true},"41":{"start":{"line":147,"column":8},"end":{"line":156,"column":10},"skip":true},"42":{"start":{"line":154,"column":12},"end":{"line":154,"column":25},"skip":true},"43":{"start":{"line":155,"column":12},"end":{"line":155,"column":45},"skip":true},"44":{"start":{"line":158,"column":8},"end":{"line":167,"column":10},"skip":true},"45":{"start":{"line":165,"column":12},"end":{"line":165,"column":25},"skip":true},"46":{"start":{"line":166,"column":12},"end":{"line":166,"column":48},"skip":true},"47":{"start":{"line":169,"column":8},"end":{"line":178,"column":10},"skip":true},"48":{"start":{"line":176,"column":12},"end":{"line":176,"column":25},"skip":true},"49":{"start":{"line":177,"column":12},"end":{"line":177,"column":46},"skip":true},"50":{"start":{"line":180,"column":8},"end":{"line":189,"column":10},"skip":true},"51":{"start":{"line":187,"column":12},"end":{"line":187,"column":94},"skip":true},"52":{"start":{"line":188,"column":12},"end":{"line":188,"column":48},"skip":true},"53":{"start":{"line":192,"column":8},"end":{"line":192,"column":35},"skip":true},"54":{"start":{"line":193,"column":8},"end":{"line":193,"column":14},"skip":true}},"branchMap":{"1":{"line":25,"type":"binary-expr","locations":[{"start":{"line":25,"column":23},"end":{"line":25,"column":62}},{"start":{"line":26,"column":20},"end":{"line":26,"column":70}},{"start":{"line":27,"column":20},"end":{"line":27,"column":71}},{"start":{"line":28,"column":20},"end":{"line":28,"column":29}}]},"2":{"line":30,"type":"binary-expr","locations":[{"start":{"line":30,"column":23},"end":{"line":30,"column":37}},{"start":{"line":31,"column":20},"end":{"line":31,"column":61}},{"start":{"line":32,"column":20},"end":{"line":32,"column":70}},{"start":{"line":33,"column":20},"end":{"line":33,"column":26}}]},"3":{"line":37,"type":"cond-expr","locations":[{"start":{"line":38,"column":14},"end":{"line":38,"column":20}},{"start":{"line":39,"column":14},"end":{"line":39,"column":20}}]},"4":{"line":40,"type":"switch","locations":[{"start":{"line":42,"column":8},"end":{"line":47,"column":18}},{"start":{"line":49,"column":8},"end":{"line":52,"column":18}}]},"5":{"line":44,"type":"binary-expr","locations":[{"start":{"line":44,"column":16},"end":{"line":44,"column":44}},{"start":{"line":44,"column":48},"end":{"line":44,"column":66}}]},"6":{"line":50,"type":"binary-expr","locations":[{"start":{"line":50,"column":21},"end":{"line":50,"column":49}},{"start":{"line":50,"column":53},"end":{"line":50,"column":72}}]},"7":{"line":64,"type":"switch","locations":[{"start":{"line":69,"column":4},"end":{"line":70,"column":14}},{"start":{"line":75,"column":4},"end":{"line":76,"column":14}}]},"8":{"line":85,"type":"switch","locations":[{"start":{"line":90,"column":4},"end":{"line":105,"column":14}},{"start":{"line":111,"column":4},"end":{"line":193,"column":14},"skip":true}]},"9":{"line":91,"type":"binary-expr","locations":[{"start":{"line":91,"column":42},"end":{"line":91,"column":73}},{"start":{"line":91,"column":77},"end":{"line":99,"column":9}}]},"10":{"line":102,"type":"binary-expr","locations":[{"start":{"line":102,"column":18},"end":{"line":102,"column":32}},{"start":{"line":103,"column":12},"end":{"line":103,"column":53}},{"start":{"line":104,"column":12},"end":{"line":104,"column":61}}]},"11":{"line":112,"type":"binary-expr","locations":[{"start":{"line":112,"column":45},"end":{"line":112,"column":79},"skip":true},{"start":{"line":112,"column":83},"end":{"line":121,"column":9},"skip":true}]},"12":{"line":123,"type":"binary-expr","locations":[{"start":{"line":123,"column":42},"end":{"line":123,"column":73},"skip":true},{"start":{"line":123,"column":77},"end":{"line":136,"column":9},"skip":true}]},"13":{"line":138,"type":"binary-expr","locations":[{"start":{"line":138,"column":48},"end":{"line":138,"column":85},"skip":true},{"start":{"line":139,"column":12},"end":{"line":145,"column":13},"skip":true}]},"14":{"line":147,"type":"binary-expr","locations":[{"start":{"line":147,"column":42},"end":{"line":147,"column":73},"skip":true},{"start":{"line":147,"column":77},"end":{"line":156,"column":9},"skip":true}]},"15":{"line":158,"type":"binary-expr","locations":[{"start":{"line":158,"column":45},"end":{"line":158,"column":79},"skip":true},{"start":{"line":158,"column":83},"end":{"line":167,"column":9},"skip":true}]},"16":{"line":169,"type":"binary-expr","locations":[{"start":{"line":169,"column":43},"end":{"line":169,"column":75},"skip":true},{"start":{"line":169,"column":79},"end":{"line":178,"column":9},"skip":true}]},"17":{"line":180,"type":"binary-expr","locations":[{"start":{"line":180,"column":41},"end":{"line":180,"column":71},"skip":true},{"start":{"line":180,"column":75},"end":{"line":189,"column":9},"skip":true}]}},"code":["/* istanbul instrument in package npmtest_prelude_ls */","/*jslint","    bitwise: true,","    browser: true,","    maxerr: 8,","    maxlen: 96,","    node: true,","    nomen: true,","    regexp: true,","    stupid: true","*/","(function () {","    'use strict';","    var local;","","","","    // run shared js-env code - pre-init","    (function () {","        // init local","        local = {};","        // init modeJs","        local.modeJs = (function () {","            try {","                return typeof navigator.userAgent === 'string' &&","                    typeof document.querySelector('body') === 'object' &&","                    typeof XMLHttpRequest.prototype.open === 'function' &&","                    'browser';","            } catch (errorCaughtBrowser) {","                return module.exports &&","                    typeof process.versions.node === 'string' &&","                    typeof require('http').createServer === 'function' &&","                    'node';","            }","        }());","        // init global","        local.global = local.modeJs === 'browser'","            ? window","            : global;","        switch (local.modeJs) {","        // re-init local from window.local","        case 'browser':","            local = local.global.utility2.objectSetDefault(","                local.global.utility2_rollup || local.global.local,","                local.global.utility2","            );","            break;","        // re-init local from example.js","        case 'node':","            local = (local.global.utility2_rollup || require('utility2'))","                .requireExampleJsFromReadme();","            break;","        }","        // export local","        local.global.local = local;","    }());","","","","    // run shared js-env code - function","    (function () {","        return;","    }());","    switch (local.modeJs) {","","","","    // run browser js-env code - function","    case 'browser':","        break;","","","","    // run node js-env code - function","    case 'node':","        break;","    }","","","","    // run shared js-env code - post-init","    (function () {","        return;","    }());","    switch (local.modeJs) {","","","","    // run browser js-env code - post-init","    case 'browser':","        local.testCase_browser_nullCase = local.testCase_browser_nullCase || function (","            options,","            onError","        ) {","        /*","         * this function will test browsers's null-case handling-behavior-behavior","         */","            onError(null, options);","        };","","        // run tests","        local.nop(local.modeTest &&","            document.querySelector('#testRunButton1') &&","            document.querySelector('#testRunButton1').click());","        break;","","","","    // run node js-env code - post-init","    /* istanbul ignore next */","    case 'node':","        local.testCase_buildApidoc_default = local.testCase_buildApidoc_default || function (","            options,","            onError","        ) {","        /*","         * this function will test buildApidoc's default handling-behavior-behavior","         */","            options = { modulePathList: module.paths };","            local.buildApidoc(options, onError);","        };","","        local.testCase_buildApp_default = local.testCase_buildApp_default || function (","            options,","            onError","        ) {","        /*","         * this function will test buildApp's default handling-behavior-behavior","         */","            local.testCase_buildReadme_default(options, local.onErrorThrow);","            local.testCase_buildLib_default(options, local.onErrorThrow);","            local.testCase_buildTest_default(options, local.onErrorThrow);","            local.testCase_buildCustomOrg_default(options, local.onErrorThrow);","            options = [];","            local.buildApp(options, onError);","        };","","        local.testCase_buildCustomOrg_default = local.testCase_buildCustomOrg_default ||","            function (options, onError) {","            /*","             * this function will test buildCustomOrg's default handling-behavior","             */","                options = {};","                local.buildCustomOrg(options, onError);","            };","","        local.testCase_buildLib_default = local.testCase_buildLib_default || function (","            options,","            onError","        ) {","        /*","         * this function will test buildLib's default handling-behavior","         */","            options = {};","            local.buildLib(options, onError);","        };","","        local.testCase_buildReadme_default = local.testCase_buildReadme_default || function (","            options,","            onError","        ) {","        /*","         * this function will test buildReadme's default handling-behavior-behavior","         */","            options = {};","            local.buildReadme(options, onError);","        };","","        local.testCase_buildTest_default = local.testCase_buildTest_default || function (","            options,","            onError","        ) {","        /*","         * this function will test buildTest's default handling-behavior","         */","            options = {};","            local.buildTest(options, onError);","        };","","        local.testCase_webpage_default = local.testCase_webpage_default || function (","            options,","            onError","        ) {","        /*","         * this function will test webpage's default handling-behavior","         */","            options = { modeCoverageMerge: true, url: local.serverLocalHost + '?modeTest=1' };","            local.browserTest(options, onError);","        };","","        // run test-server","        local.testRunServer(local);","        break;","    }","}());",""],"l":{"12":2,"14":2,"19":2,"21":2,"23":2,"24":2,"25":2,"30":1,"37":2,"40":2,"43":1,"47":1,"50":1,"52":1,"55":2,"61":2,"62":2,"64":2,"70":1,"76":1,"82":2,"83":2,"85":2,"91":1,"98":1,"102":1,"105":1,"112":1,"119":1,"120":1,"123":1,"130":1,"131":1,"132":1,"133":1,"134":1,"135":1,"138":1,"143":2,"144":2,"147":1,"154":2,"155":2,"158":1,"165":2,"166":2,"169":1,"176":2,"177":2,"180":1,"187":1,"188":1,"192":1,"193":1}},"/home/travis/build/npmtest/node-npmtest-prelude-ls/lib.npmtest_prelude_ls.js":{"path":"/home/travis/build/npmtest/node-npmtest-prelude-ls/lib.npmtest_prelude_ls.js","s":{"1":2,"2":2,"3":2,"4":2,"5":2,"6":2,"7":2,"8":1,"9":2,"10":2,"11":2,"12":2,"13":1,"14":1,"15":1,"16":1},"b":{"1":[2,1,1,1],"2":[1,1,1,1],"3":[1,1],"4":[2,2],"5":[1,1]},"f":{"1":2,"2":2,"3":2},"fnMap":{"1":{"name":"(anonymous_1)","line":12,"loc":{"start":{"line":12,"column":1},"end":{"line":12,"column":13}}},"2":{"name":"(anonymous_2)","line":19,"loc":{"start":{"line":19,"column":5},"end":{"line":19,"column":17}}},"3":{"name":"(anonymous_3)","line":23,"loc":{"start":{"line":23,"column":24},"end":{"line":23,"column":36}}}},"statementMap":{"1":{"start":{"line":12,"column":0},"end":{"line":53,"column":5}},"2":{"start":{"line":14,"column":4},"end":{"line":14,"column":14}},"3":{"start":{"line":19,"column":4},"end":{"line":52,"column":9}},"4":{"start":{"line":21,"column":8},"end":{"line":21,"column":19}},"5":{"start":{"line":23,"column":8},"end":{"line":35,"column":13}},"6":{"start":{"line":24,"column":12},"end":{"line":34,"column":13}},"7":{"start":{"line":25,"column":16},"end":{"line":28,"column":30}},"8":{"start":{"line":30,"column":16},"end":{"line":33,"column":27}},"9":{"start":{"line":37,"column":8},"end":{"line":39,"column":21}},"10":{"start":{"line":41,"column":8},"end":{"line":41,"column":54}},"11":{"start":{"line":43,"column":8},"end":{"line":43,"column":55}},"12":{"start":{"line":45,"column":8},"end":{"line":51,"column":9}},"13":{"start":{"line":46,"column":12},"end":{"line":46,"column":61}},"14":{"start":{"line":48,"column":12},"end":{"line":48,"column":35}},"15":{"start":{"line":49,"column":12},"end":{"line":49,"column":49}},"16":{"start":{"line":50,"column":12},"end":{"line":50,"column":43}}},"branchMap":{"1":{"line":25,"type":"binary-expr","locations":[{"start":{"line":25,"column":23},"end":{"line":25,"column":62}},{"start":{"line":26,"column":20},"end":{"line":26,"column":70}},{"start":{"line":27,"column":20},"end":{"line":27,"column":71}},{"start":{"line":28,"column":20},"end":{"line":28,"column":29}}]},"2":{"line":30,"type":"binary-expr","locations":[{"start":{"line":30,"column":23},"end":{"line":30,"column":37}},{"start":{"line":31,"column":20},"end":{"line":31,"column":61}},{"start":{"line":32,"column":20},"end":{"line":32,"column":70}},{"start":{"line":33,"column":20},"end":{"line":33,"column":26}}]},"3":{"line":37,"type":"cond-expr","locations":[{"start":{"line":38,"column":14},"end":{"line":38,"column":20}},{"start":{"line":39,"column":14},"end":{"line":39,"column":20}}]},"4":{"line":41,"type":"binary-expr","locations":[{"start":{"line":41,"column":16},"end":{"line":41,"column":44}},{"start":{"line":41,"column":48},"end":{"line":41,"column":53}}]},"5":{"line":45,"type":"if","locations":[{"start":{"line":45,"column":8},"end":{"line":45,"column":8}},{"start":{"line":45,"column":8},"end":{"line":45,"column":8}}]}},"code":["/* istanbul instrument in package npmtest_prelude_ls */","/*jslint","    bitwise: true,","    browser: true,","    maxerr: 8,","    maxlen: 96,","    node: true,","    nomen: true,","    regexp: true,","    stupid: true","*/","(function () {","    'use strict';","    var local;","","","","    // run shared js-env code - pre-init","    (function () {","        // init local","        local = {};","        // init modeJs","        local.modeJs = (function () {","            try {","                return typeof navigator.userAgent === 'string' &&","                    typeof document.querySelector('body') === 'object' &&","                    typeof XMLHttpRequest.prototype.open === 'function' &&","                    'browser';","            } catch (errorCaughtBrowser) {","                return module.exports &&","                    typeof process.versions.node === 'string' &&","                    typeof require('http').createServer === 'function' &&","                    'node';","            }","        }());","        // init global","        local.global = local.modeJs === 'browser'","            ? window","            : global;","        // init utility2_rollup","        local = local.global.utility2_rollup || local;","        // init lib","        local.local = local.npmtest_prelude_ls = local;","        // init exports","        if (local.modeJs === 'browser') {","            local.global.utility2_npmtest_prelude_ls = local;","        } else {","            module.exports = local;","            module.exports.__dirname = __dirname;","            module.exports.module = module;","        }","    }());","}());",""],"l":{"12":2,"14":2,"19":2,"21":2,"23":2,"24":2,"25":2,"30":1,"37":2,"41":2,"43":2,"45":2,"46":1,"48":1,"49":1,"50":1}},"/home/travis/build/npmtest/node-npmtest-prelude-ls/example.js":{"path":"/home/travis/build/npmtest/node-npmtest-prelude-ls/example.js","s":{"1":2,"2":2,"3":2,"4":2,"5":2,"6":2,"7":2,"8":1,"9":2,"10":2,"11":2,"12":2,"13":1,"14":2,"15":2,"16":2,"17":2,"18":2,"19":0,"20":2,"21":1,"22":1,"23":1,"24":1,"25":1,"26":0,"27":0,"28":1,"29":1,"30":2,"31":0,"32":0,"33":0,"34":1,"35":2,"36":2,"37":3,"38":3,"39":3,"40":3,"41":0,"42":3,"43":3,"44":3,"45":1,"46":3,"47":1,"48":1,"49":1,"50":1,"51":1,"52":1,"53":1,"54":1,"55":1,"56":1,"57":0,"58":1,"59":6,"60":6,"61":1,"62":2,"63":0,"64":2,"65":1,"66":1,"67":0,"68":0,"69":0,"70":0,"71":0,"72":0,"73":0,"74":0,"75":0,"76":0,"77":0,"78":0,"79":0,"80":0,"81":0,"82":0,"83":0},"b":{"1":[2,1,1,1],"2":[1,1,1,1],"3":[1,1],"4":[2,2],"5":[1,1],"6":[1,1],"7":[2,0],"8":[2,1,1,1,1,1],"9":[0,2,0],"10":[1,1],"11":[2,1,1],"12":[1,0],"13":[0,2],"14":[2,0,0,0,0,0,0],"15":[0,3],"16":[3,0],"17":[1,1],"18":[0,1],"19":[1,2,0,2],"20":[1,0],"21":[1,1],"22":[0,0],"23":[0,0],"24":[0,0],"25":[0,0],"26":[0,0],"27":[0,0],"28":[0,0]},"f":{"1":2,"2":2,"3":2,"4":2,"5":2,"6":2,"7":3,"8":3,"9":3,"10":1,"11":6,"12":0},"fnMap":{"1":{"name":"(anonymous_1)","line":26,"loc":{"start":{"line":26,"column":1},"end":{"line":26,"column":13}}},"2":{"name":"(anonymous_2)","line":33,"loc":{"start":{"line":33,"column":5},"end":{"line":33,"column":17}}},"3":{"name":"(anonymous_3)","line":37,"loc":{"start":{"line":37,"column":24},"end":{"line":37,"column":36}}},"4":{"name":"(anonymous_4)","line":69,"loc":{"start":{"line":69,"column":31},"end":{"line":69,"column":48}},"skip":true},"5":{"name":"(anonymous_5)","line":78,"loc":{"start":{"line":78,"column":26},"end":{"line":78,"column":45}},"skip":true},"6":{"name":"(anonymous_6)","line":123,"loc":{"start":{"line":123,"column":33},"end":{"line":123,"column":48}},"skip":true},"7":{"name":"(anonymous_7)","line":125,"loc":{"start":{"line":125,"column":27},"end":{"line":125,"column":39}},"skip":true},"8":{"name":"(anonymous_8)","line":133,"loc":{"start":{"line":133,"column":59},"end":{"line":133,"column":74}},"skip":true},"9":{"name":"(anonymous_9)","line":143,"loc":{"start":{"line":143,"column":45},"end":{"line":143,"column":62}},"skip":true},"10":{"name":"(anonymous_10)","line":144,"loc":{"start":{"line":144,"column":73},"end":{"line":144,"column":92}},"skip":true},"11":{"name":"(anonymous_11)","line":272,"loc":{"start":{"line":272,"column":51},"end":{"line":272,"column":77}},"skip":true},"12":{"name":"(anonymous_12)","line":315,"loc":{"start":{"line":315,"column":32},"end":{"line":315,"column":61}},"skip":true}},"statementMap":{"1":{"start":{"line":26,"column":0},"end":{"line":326,"column":5}},"2":{"start":{"line":28,"column":4},"end":{"line":28,"column":14}},"3":{"start":{"line":33,"column":4},"end":{"line":60,"column":9}},"4":{"start":{"line":35,"column":8},"end":{"line":35,"column":19}},"5":{"start":{"line":37,"column":8},"end":{"line":49,"column":13}},"6":{"start":{"line":38,"column":12},"end":{"line":48,"column":13}},"7":{"start":{"line":39,"column":16},"end":{"line":42,"column":30}},"8":{"start":{"line":44,"column":16},"end":{"line":47,"column":27}},"9":{"start":{"line":51,"column":8},"end":{"line":53,"column":21}},"10":{"start":{"line":55,"column":8},"end":{"line":57,"column":45}},"11":{"start":{"line":59,"column":8},"end":{"line":59,"column":35}},"12":{"start":{"line":61,"column":4},"end":{"line":325,"column":5}},"13":{"start":{"line":69,"column":8},"end":{"line":121,"column":10},"skip":true},"14":{"start":{"line":70,"column":12},"end":{"line":88,"column":13},"skip":true},"15":{"start":{"line":76,"column":16},"end":{"line":87,"column":19},"skip":true},"16":{"start":{"line":79,"column":20},"end":{"line":86,"column":21},"skip":true},"17":{"start":{"line":82,"column":24},"end":{"line":82,"column":43},"skip":true},"18":{"start":{"line":83,"column":24},"end":{"line":83,"column":30},"skip":true},"19":{"start":{"line":85,"column":24},"end":{"line":85,"column":49},"skip":true},"20":{"start":{"line":89,"column":12},"end":{"line":107,"column":13},"skip":true},"21":{"start":{"line":92,"column":16},"end":{"line":102,"column":17},"skip":true},"22":{"start":{"line":93,"column":20},"end":{"line":93,"column":86},"skip":true},"23":{"start":{"line":94,"column":20},"end":{"line":95,"column":45},"skip":true},"24":{"start":{"line":96,"column":20},"end":{"line":96,"column":42},"skip":true},"25":{"start":{"line":97,"column":20},"end":{"line":97,"column":48},"skip":true},"26":{"start":{"line":100,"column":20},"end":{"line":100,"column":85},"skip":true},"27":{"start":{"line":101,"column":20},"end":{"line":101,"column":96},"skip":true},"28":{"start":{"line":103,"column":16},"end":{"line":103,"column":22},"skip":true},"29":{"start":{"line":106,"column":16},"end":{"line":106,"column":22},"skip":true},"30":{"start":{"line":108,"column":12},"end":{"line":120,"column":13},"skip":true},"31":{"start":{"line":114,"column":16},"end":{"line":119,"column":17},"skip":true},"32":{"start":{"line":116,"column":20},"end":{"line":116,"column":78},"skip":true},"33":{"start":{"line":118,"column":20},"end":{"line":118,"column":47},"skip":true},"34":{"start":{"line":123,"column":8},"end":{"line":141,"column":11},"skip":true},"35":{"start":{"line":124,"column":12},"end":{"line":124,"column":54},"skip":true},"36":{"start":{"line":125,"column":12},"end":{"line":140,"column":14},"skip":true},"37":{"start":{"line":126,"column":16},"end":{"line":126,"column":28},"skip":true},"38":{"start":{"line":127,"column":16},"end":{"line":127,"column":69},"skip":true},"39":{"start":{"line":128,"column":16},"end":{"line":128,"column":75},"skip":true},"40":{"start":{"line":129,"column":16},"end":{"line":131,"column":17},"skip":true},"41":{"start":{"line":130,"column":20},"end":{"line":130,"column":27},"skip":true},"42":{"start":{"line":133,"column":16},"end":{"line":137,"column":36},"skip":true},"43":{"start":{"line":134,"column":20},"end":{"line":136,"column":55},"skip":true},"44":{"start":{"line":139,"column":16},"end":{"line":139,"column":57},"skip":true},"45":{"start":{"line":143,"column":8},"end":{"line":147,"column":11},"skip":true},"46":{"start":{"line":144,"column":12},"end":{"line":146,"column":15},"skip":true},"47":{"start":{"line":145,"column":16},"end":{"line":145,"column":70},"skip":true},"48":{"start":{"line":149,"column":8},"end":{"line":149,"column":31},"skip":true},"49":{"start":{"line":150,"column":8},"end":{"line":150,"column":14},"skip":true},"50":{"start":{"line":158,"column":8},"end":{"line":158,"column":31},"skip":true},"51":{"start":{"line":160,"column":8},"end":{"line":160,"column":33},"skip":true},"52":{"start":{"line":161,"column":8},"end":{"line":161,"column":37},"skip":true},"53":{"start":{"line":162,"column":8},"end":{"line":162,"column":35},"skip":true},"54":{"start":{"line":164,"column":8},"end":{"line":164,"column":50},"skip":true},"55":{"start":{"line":166,"column":8},"end":{"line":256,"column":2},"skip":true},"56":{"start":{"line":258,"column":8},"end":{"line":286,"column":9},"skip":true},"57":{"start":{"line":259,"column":12},"end":{"line":269,"column":14},"skip":true},"58":{"start":{"line":271,"column":12},"end":{"line":285,"column":19},"skip":true},"59":{"start":{"line":274,"column":20},"end":{"line":274,"column":35},"skip":true},"60":{"start":{"line":275,"column":20},"end":{"line":284,"column":21},"skip":true},"61":{"start":{"line":277,"column":24},"end":{"line":277,"column":64},"skip":true},"62":{"start":{"line":279,"column":24},"end":{"line":279,"column":40},"skip":true},"63":{"start":{"line":281,"column":24},"end":{"line":281,"column":40},"skip":true},"64":{"start":{"line":283,"column":24},"end":{"line":283,"column":39},"skip":true},"65":{"start":{"line":288,"column":8},"end":{"line":290,"column":9},"skip":true},"66":{"start":{"line":289,"column":12},"end":{"line":289,"column":18},"skip":true},"67":{"start":{"line":291,"column":8},"end":{"line":293,"column":54},"skip":true},"68":{"start":{"line":296,"column":8},"end":{"line":301,"column":37},"skip":true},"69":{"start":{"line":303,"column":8},"end":{"line":303,"column":82},"skip":true},"70":{"start":{"line":306,"column":8},"end":{"line":308,"column":9},"skip":true},"71":{"start":{"line":307,"column":12},"end":{"line":307,"column":82},"skip":true},"72":{"start":{"line":310,"column":8},"end":{"line":312,"column":9},"skip":true},"73":{"start":{"line":311,"column":12},"end":{"line":311,"column":18},"skip":true},"74":{"start":{"line":313,"column":8},"end":{"line":313,"column":54},"skip":true},"75":{"start":{"line":314,"column":8},"end":{"line":314,"column":69},"skip":true},"76":{"start":{"line":315,"column":8},"end":{"line":323,"column":36},"skip":true},"77":{"start":{"line":316,"column":12},"end":{"line":316,"column":61},"skip":true},"78":{"start":{"line":317,"column":12},"end":{"line":320,"column":13},"skip":true},"79":{"start":{"line":318,"column":16},"end":{"line":318,"column":75},"skip":true},"80":{"start":{"line":319,"column":16},"end":{"line":319,"column":23},"skip":true},"81":{"start":{"line":321,"column":12},"end":{"line":321,"column":38},"skip":true},"82":{"start":{"line":322,"column":12},"end":{"line":322,"column":27},"skip":true},"83":{"start":{"line":324,"column":8},"end":{"line":324,"column":14},"skip":true}},"branchMap":{"1":{"line":39,"type":"binary-expr","locations":[{"start":{"line":39,"column":23},"end":{"line":39,"column":62}},{"start":{"line":40,"column":20},"end":{"line":40,"column":70}},{"start":{"line":41,"column":20},"end":{"line":41,"column":71}},{"start":{"line":42,"column":20},"end":{"line":42,"column":29}}]},"2":{"line":44,"type":"binary-expr","locations":[{"start":{"line":44,"column":23},"end":{"line":44,"column":37}},{"start":{"line":45,"column":20},"end":{"line":45,"column":61}},{"start":{"line":46,"column":20},"end":{"line":46,"column":70}},{"start":{"line":47,"column":20},"end":{"line":47,"column":26}}]},"3":{"line":51,"type":"cond-expr","locations":[{"start":{"line":52,"column":14},"end":{"line":52,"column":20}},{"start":{"line":53,"column":14},"end":{"line":53,"column":20}}]},"4":{"line":55,"type":"binary-expr","locations":[{"start":{"line":55,"column":16},"end":{"line":55,"column":44}},{"start":{"line":55,"column":49},"end":{"line":57,"column":43}}]},"5":{"line":55,"type":"cond-expr","locations":[{"start":{"line":56,"column":14},"end":{"line":56,"column":54}},{"start":{"line":57,"column":14},"end":{"line":57,"column":43}}]},"6":{"line":61,"type":"switch","locations":[{"start":{"line":68,"column":4},"end":{"line":150,"column":14},"skip":true},{"start":{"line":156,"column":4},"end":{"line":324,"column":14},"skip":true}]},"7":{"line":70,"type":"if","locations":[{"start":{"line":70,"column":12},"end":{"line":70,"column":12},"skip":true},{"start":{"line":70,"column":12},"end":{"line":70,"column":12},"skip":true}]},"8":{"line":70,"type":"binary-expr","locations":[{"start":{"line":70,"column":16},"end":{"line":70,"column":22},"skip":true},{"start":{"line":70,"column":27},"end":{"line":70,"column":32},"skip":true},{"start":{"line":71,"column":20},"end":{"line":71,"column":39},"skip":true},{"start":{"line":72,"column":20},"end":{"line":72,"column":49},"skip":true},{"start":{"line":73,"column":20},"end":{"line":73,"column":58},"skip":true},{"start":{"line":74,"column":20},"end":{"line":74,"column":69},"skip":true}]},"9":{"line":79,"type":"switch","locations":[{"start":{"line":80,"column":20},"end":{"line":80,"column":33},"skip":true},{"start":{"line":81,"column":20},"end":{"line":83,"column":30},"skip":true},{"start":{"line":84,"column":20},"end":{"line":85,"column":49},"skip":true}]},"10":{"line":89,"type":"switch","locations":[{"start":{"line":90,"column":12},"end":{"line":103,"column":22},"skip":true},{"start":{"line":105,"column":12},"end":{"line":106,"column":22},"skip":true}]},"11":{"line":89,"type":"binary-expr","locations":[{"start":{"line":89,"column":20},"end":{"line":89,"column":25},"skip":true},{"start":{"line":89,"column":29},"end":{"line":89,"column":48},"skip":true},{"start":{"line":89,"column":52},"end":{"line":89,"column":74},"skip":true}]},"12":{"line":92,"type":"if","locations":[{"start":{"line":92,"column":16},"end":{"line":92,"column":16},"skip":true},{"start":{"line":92,"column":16},"end":{"line":92,"column":16},"skip":true}]},"13":{"line":108,"type":"if","locations":[{"start":{"line":108,"column":12},"end":{"line":108,"column":12},"skip":true},{"start":{"line":108,"column":12},"end":{"line":108,"column":12},"skip":true}]},"14":{"line":108,"type":"binary-expr","locations":[{"start":{"line":108,"column":16},"end":{"line":108,"column":61},"skip":true},{"start":{"line":108,"column":66},"end":{"line":108,"column":72},"skip":true},{"start":{"line":108,"column":77},"end":{"line":108,"column":82},"skip":true},{"start":{"line":109,"column":20},"end":{"line":109,"column":39},"skip":true},{"start":{"line":110,"column":20},"end":{"line":110,"column":49},"skip":true},{"start":{"line":111,"column":20},"end":{"line":111,"column":58},"skip":true},{"start":{"line":112,"column":20},"end":{"line":112,"column":68},"skip":true}]},"15":{"line":129,"type":"if","locations":[{"start":{"line":129,"column":16},"end":{"line":129,"column":16},"skip":true},{"start":{"line":129,"column":16},"end":{"line":129,"column":16},"skip":true}]},"16":{"line":134,"type":"cond-expr","locations":[{"start":{"line":135,"column":26},"end":{"line":135,"column":29},"skip":true},{"start":{"line":136,"column":26},"end":{"line":136,"column":54},"skip":true}]},"17":{"line":164,"type":"binary-expr","locations":[{"start":{"line":164,"column":27},"end":{"line":164,"column":43},"skip":true},{"start":{"line":164,"column":47},"end":{"line":164,"column":49},"skip":true}]},"18":{"line":258,"type":"if","locations":[{"start":{"line":258,"column":8},"end":{"line":258,"column":8},"skip":true},{"start":{"line":258,"column":8},"end":{"line":258,"column":8},"skip":true}]},"19":{"line":275,"type":"switch","locations":[{"start":{"line":276,"column":20},"end":{"line":277,"column":64},"skip":true},{"start":{"line":278,"column":20},"end":{"line":279,"column":40},"skip":true},{"start":{"line":280,"column":20},"end":{"line":281,"column":40},"skip":true},{"start":{"line":282,"column":20},"end":{"line":283,"column":39},"skip":true}]},"20":{"line":288,"type":"if","locations":[{"start":{"line":288,"column":8},"end":{"line":288,"column":8},"skip":true},{"start":{"line":288,"column":8},"end":{"line":288,"column":8},"skip":true}]},"21":{"line":288,"type":"binary-expr","locations":[{"start":{"line":288,"column":12},"end":{"line":288,"column":40},"skip":true},{"start":{"line":288,"column":44},"end":{"line":288,"column":67},"skip":true}]},"22":{"line":292,"type":"binary-expr","locations":[{"start":{"line":292,"column":12},"end":{"line":292,"column":50},"skip":true},{"start":{"line":293,"column":12},"end":{"line":293,"column":53},"skip":true}]},"23":{"line":297,"type":"binary-expr","locations":[{"start":{"line":297,"column":12},"end":{"line":297,"column":68},"skip":true},{"start":{"line":298,"column":12},"end":{"line":301,"column":36},"skip":true}]},"24":{"line":303,"type":"binary-expr","locations":[{"start":{"line":303,"column":43},"end":{"line":303,"column":75},"skip":true},{"start":{"line":303,"column":79},"end":{"line":303,"column":81},"skip":true}]},"25":{"line":306,"type":"if","locations":[{"start":{"line":306,"column":8},"end":{"line":306,"column":8},"skip":true},{"start":{"line":306,"column":8},"end":{"line":306,"column":8},"skip":true}]},"26":{"line":310,"type":"if","locations":[{"start":{"line":310,"column":8},"end":{"line":310,"column":8},"skip":true},{"start":{"line":310,"column":8},"end":{"line":310,"column":8},"skip":true}]},"27":{"line":313,"type":"binary-expr","locations":[{"start":{"line":313,"column":27},"end":{"line":313,"column":43},"skip":true},{"start":{"line":313,"column":47},"end":{"line":313,"column":53},"skip":true}]},"28":{"line":317,"type":"if","locations":[{"start":{"line":317,"column":12},"end":{"line":317,"column":12},"skip":true},{"start":{"line":317,"column":12},"end":{"line":317,"column":12},"skip":true}]}},"code":["/*","example.js","","quickstart example","","instruction","    1. save this script as example.js","    2. run the shell command:","        $ npm install npmtest-prelude-ls && PORT=8081 node example.js","    3. play with the browser-demo on http://127.0.0.1:8081","*/","","","","/* istanbul instrument in package npmtest_prelude_ls */","/*jslint","    bitwise: true,","    browser: true,","    maxerr: 8,","    maxlen: 96,","    node: true,","    nomen: true,","    regexp: true,","    stupid: true","*/","(function () {","    'use strict';","    var local;","","","","    // run shared js-env code - pre-init","    (function () {","        // init local","        local = {};","        // init modeJs","        local.modeJs = (function () {","            try {","                return typeof navigator.userAgent === 'string' &&","                    typeof document.querySelector('body') === 'object' &&","                    typeof XMLHttpRequest.prototype.open === 'function' &&","                    'browser';","            } catch (errorCaughtBrowser) {","                return module.exports &&","                    typeof process.versions.node === 'string' &&","                    typeof require('http').createServer === 'function' &&","                    'node';","            }","        }());","        // init global","        local.global = local.modeJs === 'browser'","            ? window","            : global;","        // init utility2_rollup","        local = local.global.utility2_rollup || (local.modeJs === 'browser'","            ? local.global.utility2_npmtest_prelude_ls","            : global.utility2_moduleExports);","        // export local","        local.global.local = local;","    }());","    switch (local.modeJs) {","","","","    // post-init","    // run browser js-env code - post-init","    /* istanbul ignore next */","    case 'browser':","        local.testRunBrowser = function (event) {","            if (!event || (event &&","                    event.currentTarget &&","                    event.currentTarget.className &&","                    event.currentTarget.className.includes &&","                    event.currentTarget.className.includes('onreset'))) {","                // reset output","                Array.from(","                    document.querySelectorAll('body > .resettable')","                ).forEach(function (element) {","                    switch (element.tagName) {","                    case 'INPUT':","                    case 'TEXTAREA':","                        element.value = '';","                        break;","                    default:","                        element.textContent = '';","                    }","                });","            }","            switch (event && event.currentTarget && event.currentTarget.id) {","            case 'testRunButton1':","                // show tests","                if (document.querySelector('#testReportDiv1').style.display === 'none') {","                    document.querySelector('#testReportDiv1').style.display = 'block';","                    document.querySelector('#testRunButton1').textContent =","                        'hide internal test';","                    local.modeTest = true;","                    local.testRunDefault(local);","                // hide tests","                } else {","                    document.querySelector('#testReportDiv1').style.display = 'none';","                    document.querySelector('#testRunButton1').textContent = 'run internal test';","                }","                break;","            // custom-case","            default:","                break;","            }","            if (document.querySelector('#inputTextareaEval1') && (!event || (event &&","                    event.currentTarget &&","                    event.currentTarget.className &&","                    event.currentTarget.className.includes &&","                    event.currentTarget.className.includes('oneval')))) {","                // try to eval input-code","                try {","                    /*jslint evil: true*/","                    eval(document.querySelector('#inputTextareaEval1').value);","                } catch (errorCaught) {","                    console.error(errorCaught);","                }","            }","        };","        // log stderr and stdout to #outputTextareaStdout1","        ['error', 'log'].forEach(function (key) {","            console[key + '_original'] = console[key];","            console[key] = function () {","                var element;","                console[key + '_original'].apply(console, arguments);","                element = document.querySelector('#outputTextareaStdout1');","                if (!element) {","                    return;","                }","                // append text to #outputTextareaStdout1","                element.value += Array.from(arguments).map(function (arg) {","                    return typeof arg === 'string'","                        ? arg","                        : JSON.stringify(arg, null, 4);","                }).join(' ') + '\\n';","                // scroll textarea to bottom","                element.scrollTop = element.scrollHeight;","            };","        });","        // init event-handling","        ['change', 'click', 'keyup'].forEach(function (event) {","            Array.from(document.querySelectorAll('.on' + event)).forEach(function (element) {","                element.addEventListener(event, local.testRunBrowser);","            });","        });","        // run tests","        local.testRunBrowser();","        break;","","","","    // run node js-env code - post-init","    /* istanbul ignore next */","    case 'node':","        // export local","        module.exports = local;","        // require modules","        local.fs = require('fs');","        local.http = require('http');","        local.url = require('url');","        // init assets","        local.assetsDict = local.assetsDict || {};","        /* jslint-ignore-begin */","        local.assetsDict['/assets.index.template.html'] = '\\","<!doctype html>\\n\\","<html lang=\"en\">\\n\\","<head>\\n\\","<meta charset=\"UTF-8\">\\n\\","<meta name=\"viewport\" content=\"width=device-width, initial-scale=1\">\\n\\","<title>{{env.npm_package_name}} (v{{env.npm_package_version}})</title>\\n\\","<style>\\n\\","/*csslint\\n\\","    box-sizing: false,\\n\\","    universal-selector: false\\n\\","*/\\n\\","* {\\n\\","    box-sizing: border-box;\\n\\","}\\n\\","body {\\n\\","    background: #dde;\\n\\","    font-family: Arial, Helvetica, sans-serif;\\n\\","    margin: 2rem;\\n\\","}\\n\\","body > * {\\n\\","    margin-bottom: 1rem;\\n\\","}\\n\\",".utility2FooterDiv {\\n\\","    margin-top: 20px;\\n\\","    text-align: center;\\n\\","}\\n\\","</style>\\n\\","<style>\\n\\","/*csslint\\n\\","*/\\n\\","textarea {\\n\\","    font-family: monospace;\\n\\","    height: 10rem;\\n\\","    width: 100%;\\n\\","}\\n\\","textarea[readonly] {\\n\\","    background: #ddd;\\n\\","}\\n\\","</style>\\n\\","</head>\\n\\","<body>\\n\\","<!-- utility2-comment\\n\\","<div id=\"ajaxProgressDiv1\" style=\"background: #d00; height: 2px; left: 0; margin: 0; padding: 0; position: fixed; top: 0; transition: background 0.5s, width 1.5s; width: 25%;\"></div>\\n\\","utility2-comment -->\\n\\","<h1>\\n\\","<!-- utility2-comment\\n\\","    <a\\n\\","        {{#if env.npm_package_homepage}}\\n\\","        href=\"{{env.npm_package_homepage}}\"\\n\\","        {{/if env.npm_package_homepage}}\\n\\","        target=\"_blank\"\\n\\","    >\\n\\","utility2-comment -->\\n\\","        {{env.npm_package_name}} (v{{env.npm_package_version}})\\n\\","<!-- utility2-comment\\n\\","    </a>\\n\\","utility2-comment -->\\n\\","</h1>\\n\\","<h3>{{env.npm_package_description}}</h3>\\n\\","<!-- utility2-comment\\n\\","<h4><a download href=\"assets.app.js\">download standalone app</a></h4>\\n\\","<button class=\"onclick onreset\" id=\"testRunButton1\">run internal test</button><br>\\n\\","<div id=\"testReportDiv1\" style=\"display: none;\"></div>\\n\\","utility2-comment -->\\n\\","\\n\\","\\n\\","\\n\\","<label>stderr and stdout</label>\\n\\","<textarea class=\"resettable\" id=\"outputTextareaStdout1\" readonly></textarea>\\n\\","<!-- utility2-comment\\n\\","{{#if isRollup}}\\n\\","<script src=\"assets.app.js\"></script>\\n\\","{{#unless isRollup}}\\n\\","utility2-comment -->\\n\\","<script src=\"assets.utility2.rollup.js\"></script>\\n\\","<script src=\"jsonp.utility2._stateInit?callback=window.utility2._stateInit\"></script>\\n\\","<script src=\"assets.npmtest_prelude_ls.rollup.js\"></script>\\n\\","<script src=\"assets.example.js\"></script>\\n\\","<script src=\"assets.test.js\"></script>\\n\\","<!-- utility2-comment\\n\\","{{/if isRollup}}\\n\\","utility2-comment -->\\n\\","<div class=\"utility2FooterDiv\">\\n\\","    [ this app was created with\\n\\","    <a href=\"https://github.com/kaizhu256/node-utility2\" target=\"_blank\">utility2</a>\\n\\","    ]\\n\\","</div>\\n\\","</body>\\n\\","</html>\\n\\","';","        /* jslint-ignore-end */","        if (local.templateRender) {","            local.assetsDict['/'] = local.templateRender(","                local.assetsDict['/assets.index.template.html'],","                {","                    env: local.objectSetDefault(local.env, {","                        npm_package_description: 'the greatest app in the world!',","                        npm_package_name: 'my-app',","                        npm_package_nameAlias: 'my_app',","                        npm_package_version: '0.0.1'","                    })","                }","            );","        } else {","            local.assetsDict['/'] = local.assetsDict['/assets.index.template.html']","                .replace((/\\{\\{env\\.(\\w+?)\\}\\}/g), function (match0, match1) {","                    // jslint-hack","                    String(match0);","                    switch (match1) {","                    case 'npm_package_description':","                        return 'the greatest app in the world!';","                    case 'npm_package_name':","                        return 'my-app';","                    case 'npm_package_nameAlias':","                        return 'my_app';","                    case 'npm_package_version':","                        return '0.0.1';","                    }","                });","        }","        // run the cli","        if (local.global.utility2_rollup || module !== require.main) {","            break;","        }","        local.assetsDict['/assets.example.js'] =","            local.assetsDict['/assets.example.js'] ||","            local.fs.readFileSync(__filename, 'utf8');","        // bug-workaround - long $npm_package_buildCustomOrg","        /* jslint-ignore-begin */","        local.assetsDict['/assets.npmtest_prelude_ls.rollup.js'] =","            local.assetsDict['/assets.npmtest_prelude_ls.rollup.js'] ||","            local.fs.readFileSync(","                local.npmtest_prelude_ls.__dirname + '/lib.npmtest_prelude_ls.js',","                'utf8'","            ).replace((/^#!/), '//');","        /* jslint-ignore-end */","        local.assetsDict['/favicon.ico'] = local.assetsDict['/favicon.ico'] || '';","        // if $npm_config_timeout_exit exists,","        // then exit this process after $npm_config_timeout_exit ms","        if (Number(process.env.npm_config_timeout_exit)) {","            setTimeout(process.exit, Number(process.env.npm_config_timeout_exit));","        }","        // start server","        if (local.global.utility2_serverHttp1) {","            break;","        }","        process.env.PORT = process.env.PORT || '8081';","        console.error('server starting on port ' + process.env.PORT);","        local.http.createServer(function (request, response) {","            request.urlParsed = local.url.parse(request.url);","            if (local.assetsDict[request.urlParsed.pathname] !== undefined) {","                response.end(local.assetsDict[request.urlParsed.pathname]);","                return;","            }","            response.statusCode = 404;","            response.end();","        }).listen(process.env.PORT);","        break;","    }","}());",""],"l":{"26":2,"28":2,"33":2,"35":2,"37":2,"38":2,"39":2,"44":1,"51":2,"55":2,"59":2,"61":2,"69":1,"70":2,"76":2,"79":2,"82":2,"83":2,"85":1,"89":2,"92":1,"93":1,"94":1,"96":1,"97":1,"100":1,"101":1,"103":1,"106":1,"108":2,"114":1,"116":1,"118":1,"123":1,"124":2,"125":2,"126":3,"127":3,"128":3,"129":3,"130":1,"133":3,"134":3,"139":3,"143":1,"144":3,"145":1,"149":1,"150":1,"158":1,"160":1,"161":1,"162":1,"164":1,"166":1,"258":1,"259":1,"271":1,"274":6,"275":6,"277":1,"279":2,"281":1,"283":2,"288":1,"289":1,"291":1,"296":1,"303":1,"306":1,"307":1,"310":1,"311":1,"313":1,"314":1,"315":1,"316":1,"317":1,"318":1,"319":1,"321":1,"322":1,"324":1}},"/home/travis/build/npmtest/node-npmtest-prelude-ls/node_modules/prelude-ls/lib/index.js":{"path":"/home/travis/build/npmtest/node-npmtest-prelude-ls/node_modules/prelude-ls/lib/index.js","s":{"1":1,"2":1,"3":1,"4":1,"5":1,"6":1,"7":1,"8":0,"9":1,"10":0,"11":1,"12":0,"13":0,"14":0,"15":0,"16":1,"17":1,"18":1,"19":1,"20":1,"21":1,"22":1,"23":1,"24":1,"25":1,"26":1,"27":1,"28":1,"29":1,"30":1,"31":1,"32":1,"33":1,"34":1,"35":1,"36":1,"37":1,"38":1,"39":1,"40":1,"41":1,"42":1,"43":1,"44":1,"45":1,"46":1,"47":1,"48":1,"49":1,"50":1,"51":1,"52":1,"53":1,"54":1,"55":1,"56":1,"57":1,"58":1,"59":1,"60":1,"61":1,"62":1,"63":1,"64":1,"65":1,"66":1,"67":1,"68":1,"69":1,"70":1,"71":1,"72":1,"73":1,"74":1,"75":1,"76":1,"77":1,"78":1,"79":1,"80":1,"81":1,"82":1,"83":1,"84":1,"85":1,"86":1,"87":1,"88":1,"89":1,"90":1,"91":1,"92":1,"93":1,"94":1,"95":1,"96":1,"97":1,"98":1,"99":1,"100":1,"101":1,"102":1,"103":1,"104":1,"105":1,"106":1,"107":1,"108":1,"109":1,"110":1,"111":1,"112":1,"113":1,"114":1,"115":1,"116":1,"117":1,"118":1,"119":1,"120":1,"121":1,"122":1,"123":1,"124":1,"125":1,"126":1,"127":1,"128":1,"129":1,"130":1,"131":1,"132":1,"133":1,"134":1,"135":1,"136":1,"137":1,"138":1,"139":1,"140":1,"141":1,"142":1,"143":1,"144":1,"145":1,"146":1,"147":1,"148":1,"149":1,"150":1,"151":1,"152":1,"153":2,"154":2,"155":0,"156":0,"157":0,"158":2},"b":{"1":[2,0],"2":[0,0],"3":[0,0],"4":[0,0],"5":[0,0],"6":[0,0]},"f":{"1":0,"2":0,"3":0,"4":2,"5":2,"6":0},"fnMap":{"1":{"name":"(anonymous_1)","line":8,"loc":{"start":{"line":8,"column":5},"end":{"line":8,"column":16}}},"2":{"name":"(anonymous_2)","line":11,"loc":{"start":{"line":11,"column":16},"end":{"line":11,"column":33}}},"3":{"name":"(anonymous_3)","line":14,"loc":{"start":{"line":14,"column":19},"end":{"line":14,"column":33}}},"4":{"name":"curry$","line":166,"loc":{"start":{"line":166,"column":0},"end":{"line":166,"column":25}}},"5":{"name":"(anonymous_5)","line":168,"loc":{"start":{"line":168,"column":11},"end":{"line":168,"column":26}}},"6":{"name":"(anonymous_6)","line":169,"loc":{"start":{"line":169,"column":26},"end":{"line":169,"column":36}}}},"statementMap":{"1":{"start":{"line":2,"column":0},"end":{"line":2,"column":87}},"2":{"start":{"line":3,"column":0},"end":{"line":3,"column":28}},"3":{"start":{"line":4,"column":0},"end":{"line":4,"column":28}},"4":{"start":{"line":5,"column":0},"end":{"line":5,"column":26}},"5":{"start":{"line":6,"column":0},"end":{"line":6,"column":26}},"6":{"start":{"line":7,"column":0},"end":{"line":7,"column":26}},"7":{"start":{"line":8,"column":0},"end":{"line":10,"column":2}},"8":{"start":{"line":9,"column":2},"end":{"line":9,"column":11}},"9":{"start":{"line":11,"column":0},"end":{"line":13,"column":3}},"10":{"start":{"line":12,"column":2},"end":{"line":12,"column":49}},"11":{"start":{"line":14,"column":0},"end":{"line":20,"column":3}},"12":{"start":{"line":15,"column":2},"end":{"line":15,"column":24}},"13":{"start":{"line":16,"column":2},"end":{"line":18,"column":3}},"14":{"start":{"line":17,"column":4},"end":{"line":17,"column":21}},"15":{"start":{"line":19,"column":2},"end":{"line":19,"column":18}},"16":{"start":{"line":21,"column":0},"end":{"line":21,"column":23}},"17":{"start":{"line":22,"column":0},"end":{"line":22,"column":23}},"18":{"start":{"line":23,"column":0},"end":{"line":23,"column":21}},"19":{"start":{"line":24,"column":0},"end":{"line":24,"column":21}},"20":{"start":{"line":25,"column":0},"end":{"line":25,"column":27}},"21":{"start":{"line":26,"column":0},"end":{"line":26,"column":31}},"22":{"start":{"line":27,"column":0},"end":{"line":27,"column":31}},"23":{"start":{"line":28,"column":0},"end":{"line":28,"column":21}},"24":{"start":{"line":29,"column":0},"end":{"line":29,"column":30}},"25":{"start":{"line":30,"column":0},"end":{"line":39,"column":2}},"26":{"start":{"line":40,"column":0},"end":{"line":40,"column":25}},"27":{"start":{"line":41,"column":0},"end":{"line":41,"column":23}},"28":{"start":{"line":42,"column":0},"end":{"line":42,"column":29}},"29":{"start":{"line":43,"column":0},"end":{"line":43,"column":31}},"30":{"start":{"line":44,"column":0},"end":{"line":44,"column":29}},"31":{"start":{"line":45,"column":0},"end":{"line":45,"column":35}},"32":{"start":{"line":46,"column":0},"end":{"line":46,"column":25}},"33":{"start":{"line":47,"column":0},"end":{"line":47,"column":25}},"34":{"start":{"line":48,"column":0},"end":{"line":48,"column":27}},"35":{"start":{"line":49,"column":0},"end":{"line":49,"column":25}},"36":{"start":{"line":50,"column":0},"end":{"line":50,"column":25}},"37":{"start":{"line":51,"column":0},"end":{"line":51,"column":31}},"38":{"start":{"line":52,"column":0},"end":{"line":52,"column":27}},"39":{"start":{"line":53,"column":0},"end":{"line":53,"column":31}},"40":{"start":{"line":54,"column":0},"end":{"line":54,"column":37}},"41":{"start":{"line":55,"column":0},"end":{"line":55,"column":41}},"42":{"start":{"line":56,"column":0},"end":{"line":56,"column":27}},"43":{"start":{"line":57,"column":0},"end":{"line":57,"column":31}},"44":{"start":{"line":58,"column":0},"end":{"line":58,"column":31}},"45":{"start":{"line":59,"column":0},"end":{"line":59,"column":25}},"46":{"start":{"line":60,"column":0},"end":{"line":60,"column":27}},"47":{"start":{"line":61,"column":0},"end":{"line":61,"column":27}},"48":{"start":{"line":62,"column":0},"end":{"line":62,"column":29}},"49":{"start":{"line":63,"column":0},"end":{"line":63,"column":27}},"50":{"start":{"line":64,"column":0},"end":{"line":64,"column":29}},"51":{"start":{"line":65,"column":0},"end":{"line":65,"column":31}},"52":{"start":{"line":66,"column":0},"end":{"line":66,"column":31}},"53":{"start":{"line":67,"column":0},"end":{"line":67,"column":29}},"54":{"start":{"line":68,"column":0},"end":{"line":68,"column":23}},"55":{"start":{"line":69,"column":0},"end":{"line":69,"column":23}},"56":{"start":{"line":70,"column":0},"end":{"line":70,"column":29}},"57":{"start":{"line":71,"column":0},"end":{"line":71,"column":33}},"58":{"start":{"line":72,"column":0},"end":{"line":72,"column":25}},"59":{"start":{"line":73,"column":0},"end":{"line":73,"column":33}},"60":{"start":{"line":74,"column":0},"end":{"line":74,"column":29}},"61":{"start":{"line":75,"column":0},"end":{"line":75,"column":23}},"62":{"start":{"line":76,"column":0},"end":{"line":76,"column":31}},"63":{"start":{"line":77,"column":0},"end":{"line":77,"column":25}},"64":{"start":{"line":78,"column":0},"end":{"line":78,"column":31}},"65":{"start":{"line":79,"column":0},"end":{"line":79,"column":29}},"66":{"start":{"line":80,"column":0},"end":{"line":80,"column":35}},"67":{"start":{"line":81,"column":0},"end":{"line":81,"column":31}},"68":{"start":{"line":82,"column":0},"end":{"line":82,"column":31}},"69":{"start":{"line":83,"column":0},"end":{"line":83,"column":31}},"70":{"start":{"line":84,"column":0},"end":{"line":84,"column":35}},"71":{"start":{"line":85,"column":0},"end":{"line":85,"column":35}},"72":{"start":{"line":86,"column":0},"end":{"line":86,"column":25}},"73":{"start":{"line":87,"column":0},"end":{"line":87,"column":27}},"74":{"start":{"line":88,"column":0},"end":{"line":88,"column":27}},"75":{"start":{"line":89,"column":0},"end":{"line":89,"column":29}},"76":{"start":{"line":90,"column":0},"end":{"line":90,"column":27}},"77":{"start":{"line":91,"column":0},"end":{"line":91,"column":29}},"78":{"start":{"line":92,"column":0},"end":{"line":92,"column":27}},"79":{"start":{"line":93,"column":0},"end":{"line":93,"column":25}},"80":{"start":{"line":94,"column":0},"end":{"line":94,"column":25}},"81":{"start":{"line":95,"column":0},"end":{"line":95,"column":31}},"82":{"start":{"line":96,"column":0},"end":{"line":96,"column":35}},"83":{"start":{"line":97,"column":0},"end":{"line":97,"column":35}},"84":{"start":{"line":98,"column":0},"end":{"line":98,"column":25}},"85":{"start":{"line":99,"column":0},"end":{"line":99,"column":35}},"86":{"start":{"line":100,"column":0},"end":{"line":100,"column":23}},"87":{"start":{"line":101,"column":0},"end":{"line":101,"column":31}},"88":{"start":{"line":102,"column":0},"end":{"line":102,"column":29}},"89":{"start":{"line":103,"column":0},"end":{"line":103,"column":37}},"90":{"start":{"line":104,"column":0},"end":{"line":104,"column":21}},"91":{"start":{"line":105,"column":0},"end":{"line":105,"column":35}},"92":{"start":{"line":106,"column":0},"end":{"line":106,"column":39}},"93":{"start":{"line":107,"column":0},"end":{"line":107,"column":35}},"94":{"start":{"line":108,"column":0},"end":{"line":108,"column":39}},"95":{"start":{"line":109,"column":0},"end":{"line":109,"column":27}},"96":{"start":{"line":110,"column":0},"end":{"line":110,"column":27}},"97":{"start":{"line":111,"column":0},"end":{"line":111,"column":25}},"98":{"start":{"line":112,"column":0},"end":{"line":112,"column":23}},"99":{"start":{"line":113,"column":0},"end":{"line":113,"column":25}},"100":{"start":{"line":114,"column":0},"end":{"line":114,"column":26}},"101":{"start":{"line":115,"column":0},"end":{"line":115,"column":24}},"102":{"start":{"line":116,"column":0},"end":{"line":116,"column":26}},"103":{"start":{"line":117,"column":0},"end":{"line":117,"column":30}},"104":{"start":{"line":118,"column":0},"end":{"line":118,"column":26}},"105":{"start":{"line":119,"column":0},"end":{"line":119,"column":30}},"106":{"start":{"line":120,"column":0},"end":{"line":120,"column":26}},"107":{"start":{"line":121,"column":0},"end":{"line":121,"column":30}},"108":{"start":{"line":122,"column":0},"end":{"line":122,"column":28}},"109":{"start":{"line":123,"column":0},"end":{"line":123,"column":36}},"110":{"start":{"line":124,"column":0},"end":{"line":124,"column":32}},"111":{"start":{"line":125,"column":0},"end":{"line":125,"column":34}},"112":{"start":{"line":126,"column":0},"end":{"line":126,"column":28}},"113":{"start":{"line":127,"column":0},"end":{"line":127,"column":24}},"114":{"start":{"line":128,"column":0},"end":{"line":128,"column":36}},"115":{"start":{"line":129,"column":0},"end":{"line":129,"column":36}},"116":{"start":{"line":130,"column":0},"end":{"line":130,"column":36}},"117":{"start":{"line":131,"column":0},"end":{"line":131,"column":36}},"118":{"start":{"line":132,"column":0},"end":{"line":132,"column":22}},"119":{"start":{"line":133,"column":0},"end":{"line":133,"column":22}},"120":{"start":{"line":134,"column":0},"end":{"line":134,"column":28}},"121":{"start":{"line":135,"column":0},"end":{"line":135,"column":22}},"122":{"start":{"line":136,"column":0},"end":{"line":136,"column":28}},"123":{"start":{"line":137,"column":0},"end":{"line":137,"column":24}},"124":{"start":{"line":138,"column":0},"end":{"line":138,"column":22}},"125":{"start":{"line":139,"column":0},"end":{"line":139,"column":22}},"126":{"start":{"line":140,"column":0},"end":{"line":140,"column":22}},"127":{"start":{"line":141,"column":0},"end":{"line":141,"column":26}},"128":{"start":{"line":142,"column":0},"end":{"line":142,"column":20}},"129":{"start":{"line":143,"column":0},"end":{"line":143,"column":22}},"130":{"start":{"line":144,"column":0},"end":{"line":144,"column":22}},"131":{"start":{"line":145,"column":0},"end":{"line":145,"column":24}},"132":{"start":{"line":146,"column":0},"end":{"line":146,"column":20}},"133":{"start":{"line":147,"column":0},"end":{"line":147,"column":22}},"134":{"start":{"line":148,"column":0},"end":{"line":148,"column":22}},"135":{"start":{"line":149,"column":0},"end":{"line":149,"column":22}},"136":{"start":{"line":150,"column":0},"end":{"line":150,"column":22}},"137":{"start":{"line":151,"column":0},"end":{"line":151,"column":24}},"138":{"start":{"line":152,"column":0},"end":{"line":152,"column":24}},"139":{"start":{"line":153,"column":0},"end":{"line":153,"column":24}},"140":{"start":{"line":154,"column":0},"end":{"line":154,"column":26}},"141":{"start":{"line":155,"column":0},"end":{"line":155,"column":32}},"142":{"start":{"line":156,"column":0},"end":{"line":156,"column":26}},"143":{"start":{"line":157,"column":0},"end":{"line":157,"column":30}},"144":{"start":{"line":158,"column":0},"end":{"line":158,"column":26}},"145":{"start":{"line":159,"column":0},"end":{"line":159,"column":30}},"146":{"start":{"line":160,"column":0},"end":{"line":160,"column":24}},"147":{"start":{"line":161,"column":0},"end":{"line":161,"column":22}},"148":{"start":{"line":162,"column":0},"end":{"line":162,"column":22}},"149":{"start":{"line":163,"column":0},"end":{"line":163,"column":22}},"150":{"start":{"line":164,"column":0},"end":{"line":164,"column":26}},"151":{"start":{"line":165,"column":0},"end":{"line":165,"column":25}},"152":{"start":{"line":166,"column":0},"end":{"line":178,"column":1}},"153":{"start":{"line":167,"column":2},"end":{"line":176,"column":4}},"154":{"start":{"line":169,"column":4},"end":{"line":175,"column":10}},"155":{"start":{"line":170,"column":6},"end":{"line":170,"column":45}},"156":{"start":{"line":171,"column":6},"end":{"line":171,"column":47}},"157":{"start":{"line":172,"column":6},"end":{"line":174,"column":64}},"158":{"start":{"line":177,"column":2},"end":{"line":177,"column":18}}},"branchMap":{"1":{"line":169,"type":"cond-expr","locations":[{"start":{"line":169,"column":26},"end":{"line":175,"column":5}},{"start":{"line":175,"column":8},"end":{"line":175,"column":9}}]},"2":{"line":170,"type":"cond-expr","locations":[{"start":{"line":170,"column":26},"end":{"line":170,"column":39}},{"start":{"line":170,"column":42},"end":{"line":170,"column":44}}]},"3":{"line":171,"type":"cond-expr","locations":[{"start":{"line":171,"column":24},"end":{"line":171,"column":39}},{"start":{"line":171,"column":42},"end":{"line":171,"column":46}}]},"4":{"line":171,"type":"binary-expr","locations":[{"start":{"line":171,"column":24},"end":{"line":171,"column":31}},{"start":{"line":171,"column":35},"end":{"line":171,"column":39}}]},"5":{"line":172,"type":"cond-expr","locations":[{"start":{"line":174,"column":8},"end":{"line":174,"column":36}},{"start":{"line":174,"column":39},"end":{"line":174,"column":63}}]},"6":{"line":172,"type":"binary-expr","locations":[{"start":{"line":172,"column":13},"end":{"line":173,"column":18}},{"start":{"line":173,"column":22},"end":{"line":173,"column":38}}]}},"code":["// Generated by LiveScript 1.4.0","var Func, List, Obj, Str, Num, id, isType, replicate, prelude, toString$ = {}.toString;","Func = require('./Func.js');","List = require('./List.js');","Obj = require('./Obj.js');","Str = require('./Str.js');","Num = require('./Num.js');","id = function(x){","  return x;","};","isType = curry$(function(type, x){","  return toString$.call(x).slice(8, -1) === type;","});","replicate = curry$(function(n, x){","  var i$, results$ = [];","  for (i$ = 0; i$ < n; ++i$) {","    results$.push(x);","  }","  return results$;","});","Str.empty = List.empty;","Str.slice = List.slice;","Str.take = List.take;","Str.drop = List.drop;","Str.splitAt = List.splitAt;","Str.takeWhile = List.takeWhile;","Str.dropWhile = List.dropWhile;","Str.span = List.span;","Str.breakStr = List.breakList;","prelude = {","  Func: Func,","  List: List,","  Obj: Obj,","  Str: Str,","  Num: Num,","  id: id,","  isType: isType,","  replicate: replicate","};","prelude.each = List.each;","prelude.map = List.map;","prelude.filter = List.filter;","prelude.compact = List.compact;","prelude.reject = List.reject;","prelude.partition = List.partition;","prelude.find = List.find;","prelude.head = List.head;","prelude.first = List.first;","prelude.tail = List.tail;","prelude.last = List.last;","prelude.initial = List.initial;","prelude.empty = List.empty;","prelude.reverse = List.reverse;","prelude.difference = List.difference;","prelude.intersection = List.intersection;","prelude.union = List.union;","prelude.countBy = List.countBy;","prelude.groupBy = List.groupBy;","prelude.fold = List.fold;","prelude.foldl = List.foldl;","prelude.fold1 = List.fold1;","prelude.foldl1 = List.foldl1;","prelude.foldr = List.foldr;","prelude.foldr1 = List.foldr1;","prelude.unfoldr = List.unfoldr;","prelude.andList = List.andList;","prelude.orList = List.orList;","prelude.any = List.any;","prelude.all = List.all;","prelude.unique = List.unique;","prelude.uniqueBy = List.uniqueBy;","prelude.sort = List.sort;","prelude.sortWith = List.sortWith;","prelude.sortBy = List.sortBy;","prelude.sum = List.sum;","prelude.product = List.product;","prelude.mean = List.mean;","prelude.average = List.average;","prelude.concat = List.concat;","prelude.concatMap = List.concatMap;","prelude.flatten = List.flatten;","prelude.maximum = List.maximum;","prelude.minimum = List.minimum;","prelude.maximumBy = List.maximumBy;","prelude.minimumBy = List.minimumBy;","prelude.scan = List.scan;","prelude.scanl = List.scanl;","prelude.scan1 = List.scan1;","prelude.scanl1 = List.scanl1;","prelude.scanr = List.scanr;","prelude.scanr1 = List.scanr1;","prelude.slice = List.slice;","prelude.take = List.take;","prelude.drop = List.drop;","prelude.splitAt = List.splitAt;","prelude.takeWhile = List.takeWhile;","prelude.dropWhile = List.dropWhile;","prelude.span = List.span;","prelude.breakList = List.breakList;","prelude.zip = List.zip;","prelude.zipWith = List.zipWith;","prelude.zipAll = List.zipAll;","prelude.zipAllWith = List.zipAllWith;","prelude.at = List.at;","prelude.elemIndex = List.elemIndex;","prelude.elemIndices = List.elemIndices;","prelude.findIndex = List.findIndex;","prelude.findIndices = List.findIndices;","prelude.apply = Func.apply;","prelude.curry = Func.curry;","prelude.flip = Func.flip;","prelude.fix = Func.fix;","prelude.over = Func.over;","prelude.split = Str.split;","prelude.join = Str.join;","prelude.lines = Str.lines;","prelude.unlines = Str.unlines;","prelude.words = Str.words;","prelude.unwords = Str.unwords;","prelude.chars = Str.chars;","prelude.unchars = Str.unchars;","prelude.repeat = Str.repeat;","prelude.capitalize = Str.capitalize;","prelude.camelize = Str.camelize;","prelude.dasherize = Str.dasherize;","prelude.values = Obj.values;","prelude.keys = Obj.keys;","prelude.pairsToObj = Obj.pairsToObj;","prelude.objToPairs = Obj.objToPairs;","prelude.listsToObj = Obj.listsToObj;","prelude.objToLists = Obj.objToLists;","prelude.max = Num.max;","prelude.min = Num.min;","prelude.negate = Num.negate;","prelude.abs = Num.abs;","prelude.signum = Num.signum;","prelude.quot = Num.quot;","prelude.rem = Num.rem;","prelude.div = Num.div;","prelude.mod = Num.mod;","prelude.recip = Num.recip;","prelude.pi = Num.pi;","prelude.tau = Num.tau;","prelude.exp = Num.exp;","prelude.sqrt = Num.sqrt;","prelude.ln = Num.ln;","prelude.pow = Num.pow;","prelude.sin = Num.sin;","prelude.tan = Num.tan;","prelude.cos = Num.cos;","prelude.acos = Num.acos;","prelude.asin = Num.asin;","prelude.atan = Num.atan;","prelude.atan2 = Num.atan2;","prelude.truncate = Num.truncate;","prelude.round = Num.round;","prelude.ceiling = Num.ceiling;","prelude.floor = Num.floor;","prelude.isItNaN = Num.isItNaN;","prelude.even = Num.even;","prelude.odd = Num.odd;","prelude.gcd = Num.gcd;","prelude.lcm = Num.lcm;","prelude.VERSION = '1.1.2';","module.exports = prelude;","function curry$(f, bound){","  var context,","  _curry = function(args) {","    return f.length > 1 ? function(){","      var params = args ? args.concat() : [];","      context = bound ? context || this : this;","      return params.push.apply(params, arguments) <","          f.length && arguments.length ?","        _curry.call(context, params) : f.apply(context, params);","    } : f;","  };","  return _curry();","}"],"l":{"2":1,"3":1,"4":1,"5":1,"6":1,"7":1,"8":1,"9":0,"11":1,"12":0,"14":1,"15":0,"16":0,"17":0,"19":0,"21":1,"22":1,"23":1,"24":1,"25":1,"26":1,"27":1,"28":1,"29":1,"30":1,"40":1,"41":1,"42":1,"43":1,"44":1,"45":1,"46":1,"47":1,"48":1,"49":1,"50":1,"51":1,"52":1,"53":1,"54":1,"55":1,"56":1,"57":1,"58":1,"59":1,"60":1,"61":1,"62":1,"63":1,"64":1,"65":1,"66":1,"67":1,"68":1,"69":1,"70":1,"71":1,"72":1,"73":1,"74":1,"75":1,"76":1,"77":1,"78":1,"79":1,"80":1,"81":1,"82":1,"83":1,"84":1,"85":1,"86":1,"87":1,"88":1,"89":1,"90":1,"91":1,"92":1,"93":1,"94":1,"95":1,"96":1,"97":1,"98":1,"99":1,"100":1,"101":1,"102":1,"103":1,"104":1,"105":1,"106":1,"107":1,"108":1,"109":1,"110":1,"111":1,"112":1,"113":1,"114":1,"115":1,"116":1,"117":1,"118":1,"119":1,"120":1,"121":1,"122":1,"123":1,"124":1,"125":1,"126":1,"127":1,"128":1,"129":1,"130":1,"131":1,"132":1,"133":1,"134":1,"135":1,"136":1,"137":1,"138":1,"139":1,"140":1,"141":1,"142":1,"143":1,"144":1,"145":1,"146":1,"147":1,"148":1,"149":1,"150":1,"151":1,"152":1,"153":1,"154":1,"155":1,"156":1,"157":1,"158":1,"159":1,"160":1,"161":1,"162":1,"163":1,"164":1,"165":1,"166":1,"167":2,"169":2,"170":0,"171":0,"172":0,"177":2}},"/home/travis/build/npmtest/node-npmtest-prelude-ls/node_modules/prelude-ls/lib/Func.js":{"path":"/home/travis/build/npmtest/node-npmtest-prelude-ls/node_modules/prelude-ls/lib/Func.js","s":{"1":1,"2":1,"3":0,"4":1,"5":0,"6":1,"7":0,"8":1,"9":0,"10":0,"11":0,"12":0,"13":0,"14":1,"15":0,"16":1,"17":0,"18":0,"19":0,"20":0,"21":0,"22":0,"23":0,"24":0,"25":0,"26":0,"27":0,"28":0,"29":1,"30":1,"31":3,"32":3,"33":0,"34":0,"35":0,"36":3},"b":{"1":[0,0],"2":[3,0],"3":[0,0],"4":[0,0],"5":[0,0],"6":[0,0],"7":[0,0]},"f":{"1":0,"2":0,"3":0,"4":0,"5":0,"6":0,"7":0,"8":0,"9":0,"10":0,"11":0,"12":0,"13":3,"14":3,"15":0},"fnMap":{"1":{"name":"(anonymous_1)","line":3,"loc":{"start":{"line":3,"column":15},"end":{"line":3,"column":32}}},"2":{"name":"(anonymous_2)","line":6,"loc":{"start":{"line":6,"column":8},"end":{"line":6,"column":19}}},"3":{"name":"(anonymous_3)","line":9,"loc":{"start":{"line":9,"column":14},"end":{"line":9,"column":31}}},"4":{"name":"(anonymous_4)","line":12,"loc":{"start":{"line":12,"column":6},"end":{"line":12,"column":17}}},"5":{"name":"(anonymous_5)","line":13,"loc":{"start":{"line":13,"column":9},"end":{"line":13,"column":20}}},"6":{"name":"(anonymous_6)","line":14,"loc":{"start":{"line":14,"column":11},"end":{"line":14,"column":21}}},"7":{"name":"(anonymous_7)","line":17,"loc":{"start":{"line":17,"column":4},"end":{"line":17,"column":15}}},"8":{"name":"(anonymous_8)","line":18,"loc":{"start":{"line":18,"column":11},"end":{"line":18,"column":21}}},"9":{"name":"(anonymous_9)","line":23,"loc":{"start":{"line":23,"column":14},"end":{"line":23,"column":34}}},"10":{"name":"(anonymous_10)","line":26,"loc":{"start":{"line":26,"column":10},"end":{"line":26,"column":21}}},"11":{"name":"(anonymous_11)","line":29,"loc":{"start":{"line":29,"column":9},"end":{"line":29,"column":19}}},"12":{"name":"(anonymous_12)","line":32,"loc":{"start":{"line":32,"column":11},"end":{"line":32,"column":21}}},"13":{"name":"curry$","line":53,"loc":{"start":{"line":53,"column":0},"end":{"line":53,"column":25}}},"14":{"name":"(anonymous_14)","line":55,"loc":{"start":{"line":55,"column":11},"end":{"line":55,"column":26}}},"15":{"name":"(anonymous_15)","line":56,"loc":{"start":{"line":56,"column":26},"end":{"line":56,"column":36}}}},"statementMap":{"1":{"start":{"line":2,"column":0},"end":{"line":2,"column":87}},"2":{"start":{"line":3,"column":0},"end":{"line":5,"column":3}},"3":{"start":{"line":4,"column":2},"end":{"line":4,"column":29}},"4":{"start":{"line":6,"column":0},"end":{"line":8,"column":2}},"5":{"start":{"line":7,"column":2},"end":{"line":7,"column":19}},"6":{"start":{"line":9,"column":0},"end":{"line":11,"column":3}},"7":{"start":{"line":10,"column":2},"end":{"line":10,"column":17}},"8":{"start":{"line":12,"column":0},"end":{"line":22,"column":2}},"9":{"start":{"line":13,"column":2},"end":{"line":21,"column":5}},"10":{"start":{"line":14,"column":4},"end":{"line":16,"column":6}},"11":{"start":{"line":15,"column":6},"end":{"line":15,"column":44}},"12":{"start":{"line":18,"column":4},"end":{"line":20,"column":6}},"13":{"start":{"line":19,"column":6},"end":{"line":19,"column":44}},"14":{"start":{"line":23,"column":0},"end":{"line":25,"column":3}},"15":{"start":{"line":24,"column":2},"end":{"line":24,"column":23}},"16":{"start":{"line":26,"column":0},"end":{"line":44,"column":2}},"17":{"start":{"line":27,"column":2},"end":{"line":27,"column":11}},"18":{"start":{"line":28,"column":2},"end":{"line":28,"column":12}},"19":{"start":{"line":29,"column":2},"end":{"line":43,"column":4}},"20":{"start":{"line":30,"column":4},"end":{"line":30,"column":23}},"21":{"start":{"line":31,"column":4},"end":{"line":31,"column":34}},"22":{"start":{"line":32,"column":4},"end":{"line":39,"column":18}},"23":{"start":{"line":33,"column":6},"end":{"line":33,"column":40}},"24":{"start":{"line":34,"column":6},"end":{"line":37,"column":7}},"25":{"start":{"line":35,"column":8},"end":{"line":35,"column":23}},"26":{"start":{"line":36,"column":8},"end":{"line":36,"column":62}},"27":{"start":{"line":38,"column":6},"end":{"line":38,"column":22}},"28":{"start":{"line":40,"column":4},"end":{"line":42,"column":28}},"29":{"start":{"line":45,"column":0},"end":{"line":52,"column":2}},"30":{"start":{"line":53,"column":0},"end":{"line":65,"column":1}},"31":{"start":{"line":54,"column":2},"end":{"line":63,"column":4}},"32":{"start":{"line":56,"column":4},"end":{"line":62,"column":10}},"33":{"start":{"line":57,"column":6},"end":{"line":57,"column":45}},"34":{"start":{"line":58,"column":6},"end":{"line":58,"column":47}},"35":{"start":{"line":59,"column":6},"end":{"line":61,"column":64}},"36":{"start":{"line":64,"column":2},"end":{"line":64,"column":18}}},"branchMap":{"1":{"line":40,"type":"cond-expr","locations":[{"start":{"line":41,"column":8},"end":{"line":41,"column":17}},{"start":{"line":42,"column":8},"end":{"line":42,"column":27}}]},"2":{"line":56,"type":"cond-expr","locations":[{"start":{"line":56,"column":26},"end":{"line":62,"column":5}},{"start":{"line":62,"column":8},"end":{"line":62,"column":9}}]},"3":{"line":57,"type":"cond-expr","locations":[{"start":{"line":57,"column":26},"end":{"line":57,"column":39}},{"start":{"line":57,"column":42},"end":{"line":57,"column":44}}]},"4":{"line":58,"type":"cond-expr","locations":[{"start":{"line":58,"column":24},"end":{"line":58,"column":39}},{"start":{"line":58,"column":42},"end":{"line":58,"column":46}}]},"5":{"line":58,"type":"binary-expr","locations":[{"start":{"line":58,"column":24},"end":{"line":58,"column":31}},{"start":{"line":58,"column":35},"end":{"line":58,"column":39}}]},"6":{"line":59,"type":"cond-expr","locations":[{"start":{"line":61,"column":8},"end":{"line":61,"column":36}},{"start":{"line":61,"column":39},"end":{"line":61,"column":63}}]},"7":{"line":59,"type":"binary-expr","locations":[{"start":{"line":59,"column":13},"end":{"line":60,"column":18}},{"start":{"line":60,"column":22},"end":{"line":60,"column":38}}]}},"code":["// Generated by LiveScript 1.4.0","var apply, curry, flip, fix, over, memoize, slice$ = [].slice, toString$ = {}.toString;","apply = curry$(function(f, list){","  return f.apply(null, list);","});","curry = function(f){","  return curry$(f);","};","flip = curry$(function(f, x, y){","  return f(y, x);","});","fix = function(f){","  return function(g){","    return function(){","      return f(g(g)).apply(null, arguments);","    };","  }(function(g){","    return function(){","      return f(g(g)).apply(null, arguments);","    };","  });","};","over = curry$(function(f, g, x, y){","  return f(g(x), g(y));","});","memoize = function(f){","  var memo;","  memo = {};","  return function(){","    var args, key, arg;","    args = slice$.call(arguments);","    key = (function(){","      var i$, ref$, len$, results$ = [];","      for (i$ = 0, len$ = (ref$ = args).length; i$ < len$; ++i$) {","        arg = ref$[i$];","        results$.push(arg + toString$.call(arg).slice(8, -1));","      }","      return results$;","    }()).join('');","    return memo[key] = key in memo","      ? memo[key]","      : f.apply(null, args);","  };","};","module.exports = {","  curry: curry,","  flip: flip,","  fix: fix,","  apply: apply,","  over: over,","  memoize: memoize","};","function curry$(f, bound){","  var context,","  _curry = function(args) {","    return f.length > 1 ? function(){","      var params = args ? args.concat() : [];","      context = bound ? context || this : this;","      return params.push.apply(params, arguments) <","          f.length && arguments.length ?","        _curry.call(context, params) : f.apply(context, params);","    } : f;","  };","  return _curry();","}"],"l":{"2":1,"3":1,"4":0,"6":1,"7":0,"9":1,"10":0,"12":1,"13":0,"14":0,"15":0,"18":0,"19":0,"23":1,"24":0,"26":1,"27":0,"28":0,"29":0,"30":0,"31":0,"32":0,"33":0,"34":0,"35":0,"36":0,"38":0,"40":0,"45":1,"53":1,"54":3,"56":3,"57":0,"58":0,"59":0,"64":3}},"/home/travis/build/npmtest/node-npmtest-prelude-ls/node_modules/prelude-ls/lib/List.js":{"path":"/home/travis/build/npmtest/node-npmtest-prelude-ls/node_modules/prelude-ls/lib/List.js","s":{"1":1,"2":1,"3":0,"4":0,"5":0,"6":0,"7":0,"8":1,"9":0,"10":0,"11":0,"12":0,"13":0,"14":1,"15":0,"16":0,"17":0,"18":0,"19":0,"20":0,"21":1,"22":0,"23":0,"24":0,"25":0,"26":0,"27":0,"28":1,"29":0,"30":0,"31":0,"32":0,"33":0,"34":0,"35":1,"36":0,"37":0,"38":0,"39":0,"40":0,"41":0,"42":0,"43":1,"44":0,"45":0,"46":0,"47":0,"48":0,"49":1,"50":0,"51":1,"52":0,"53":0,"54":0,"55":1,"56":0,"57":1,"58":0,"59":0,"60":0,"61":1,"62":0,"63":1,"64":0,"65":1,"66":0,"67":0,"68":0,"69":0,"70":0,"71":0,"72":0,"73":1,"74":0,"75":0,"76":0,"77":0,"78":0,"79":0,"80":0,"81":0,"82":0,"83":0,"84":1,"85":0,"86":0,"87":0,"88":0,"89":0,"90":1,"91":0,"92":1,"93":0,"94":0,"95":0,"96":0,"97":0,"98":1,"99":0,"100":1,"101":0,"102":0,"103":0,"104":0,"105":0,"106":0,"107":0,"108":1,"109":0,"110":1,"111":0,"112":0,"113":0,"114":0,"115":0,"116":0,"117":0,"118":1,"119":0,"120":0,"121":0,"122":0,"123":0,"124":0,"125":0,"126":0,"127":0,"128":1,"129":0,"130":0,"131":0,"132":0,"133":0,"134":0,"135":0,"136":0,"137":0,"138":0,"139":0,"140":0,"141":1,"142":0,"143":0,"144":0,"145":0,"146":0,"147":0,"148":0,"149":0,"150":0,"151":0,"152":0,"153":0,"154":1,"155":0,"156":0,"157":0,"158":0,"159":0,"160":0,"161":0,"162":0,"163":0,"164":0,"165":1,"166":0,
[...]
mn":2},"end":{"line":16,"column":23}},"12":{"start":{"line":18,"column":0},"end":{"line":23,"column":2}},"13":{"start":{"line":19,"column":2},"end":{"line":21,"column":3}},"14":{"start":{"line":20,"column":4},"end":{"line":20,"column":14}},"15":{"start":{"line":22,"column":2},"end":{"line":22,"column":27}},"16":{"start":{"line":24,"column":0},"end":{"line":26,"column":2}},"17":{"start":{"line":25,"column":2},"end":{"line":25,"column":22}},"18":{"start":{"line":27,"column":0},"end":{"line":29,"column":2}},"19":{"start":{"line":28,"column":2},"end":{"line":28,"column":22}},"20":{"start":{"line":30,"column":0},"end":{"line":32,"column":2}},"21":{"start":{"line":31,"column":2},"end":{"line":31,"column":21}},"22":{"start":{"line":33,"column":0},"end":{"line":35,"column":2}},"23":{"start":{"line":34,"column":2},"end":{"line":34,"column":42}},"24":{"start":{"line":36,"column":0},"end":{"line":43,"column":3}},"25":{"start":{"line":37,"column":2},"end":{"line":37,"column":17}},"26":{"start":{"line":38,"column":2},"end":{"line":38,"column":14}},"27":{"start":{"line":39,"column":2},"end":{"line":41,"column":3}},"28":{"start":{"line":40,"column":4},"end":{"line":40,"column":18}},"29":{"start":{"line":42,"column":2},"end":{"line":42,"column":16}},"30":{"start":{"line":44,"column":0},"end":{"line":46,"column":2}},"31":{"start":{"line":45,"column":2},"end":{"line":45,"column":52}},"32":{"start":{"line":47,"column":0},"end":{"line":51,"column":2}},"33":{"start":{"line":48,"column":2},"end":{"line":50,"column":5}},"34":{"start":{"line":49,"column":4},"end":{"line":49,"column":46}},"35":{"start":{"line":52,"column":0},"end":{"line":64,"column":2}},"36":{"start":{"line":53,"column":2},"end":{"line":63,"column":5}},"37":{"start":{"line":54,"column":4},"end":{"line":56,"column":29}},"38":{"start":{"line":58,"column":4},"end":{"line":62,"column":5}},"39":{"start":{"line":59,"column":6},"end":{"line":59,"column":25}},"40":{"start":{"line":61,"column":6},"end":{"line":61,"column":33}},"41":{"start":{"line":65,"column":0},"end":{"line":79,"column":2}},"42":{"start":{"line":80,"column":0},"end":{"line":92,"column":1}},"43":{"start":{"line":81,"column":2},"end":{"line":90,"column":4}},"44":{"start":{"line":83,"column":4},"end":{"line":89,"column":10}},"45":{"start":{"line":84,"column":6},"end":{"line":84,"column":45}},"46":{"start":{"line":85,"column":6},"end":{"line":85,"column":47}},"47":{"start":{"line":86,"column":6},"end":{"line":88,"column":64}},"48":{"start":{"line":91,"column":2},"end":{"line":91,"column":18}}},"branchMap":{"1":{"line":10,"type":"if","locations":[{"start":{"line":10,"column":2},"end":{"line":10,"column":2}},{"start":{"line":10,"column":2},"end":{"line":10,"column":2}}]},"2":{"line":19,"type":"if","locations":[{"start":{"line":19,"column":2},"end":{"line":19,"column":2}},{"start":{"line":19,"column":2},"end":{"line":19,"column":2}}]},"3":{"line":49,"type":"cond-expr","locations":[{"start":{"line":49,"column":24},"end":{"line":49,"column":25}},{"start":{"line":49,"column":28},"end":{"line":49,"column":30}}]},"4":{"line":54,"type":"cond-expr","locations":[{"start":{"line":55,"column":8},"end":{"line":55,"column":13}},{"start":{"line":56,"column":8},"end":{"line":56,"column":27}}]},"5":{"line":58,"type":"if","locations":[{"start":{"line":58,"column":4},"end":{"line":58,"column":4}},{"start":{"line":58,"column":4},"end":{"line":58,"column":4}}]},"6":{"line":83,"type":"cond-expr","locations":[{"start":{"line":83,"column":26},"end":{"line":89,"column":5}},{"start":{"line":89,"column":8},"end":{"line":89,"column":9}}]},"7":{"line":84,"type":"cond-expr","locations":[{"start":{"line":84,"column":26},"end":{"line":84,"column":39}},{"start":{"line":84,"column":42},"end":{"line":84,"column":44}}]},"8":{"line":85,"type":"cond-expr","locations":[{"start":{"line":85,"column":24},"end":{"line":85,"column":39}},{"start":{"line":85,"column":42},"end":{"line":85,"column":46}}]},"9":{"line":85,"type":"binary-expr","locations":[{"start":{"line":85,"column":24},"end":{"line":85,"column":31}},{"start":{"line":85,"column":35},"end":{"line":85,"column":39}}]},"10":{"line":86,"type":"cond-expr","locations":[{"start":{"line":88,"column":8},"end":{"line":88,"column":36}},{"start":{"line":88,"column":39},"end":{"line":88,"column":63}}]},"11":{"line":86,"type":"binary-expr","locations":[{"start":{"line":86,"column":13},"end":{"line":87,"column":18}},{"start":{"line":87,"column":22},"end":{"line":87,"column":38}}]}},"code":["// Generated by LiveScript 1.4.0","var split, join, lines, unlines, words, unwords, chars, unchars, reverse, repeat, capitalize, camelize, dasherize;","split = curry$(function(sep, str){","  return str.split(sep);","});","join = curry$(function(sep, xs){","  return xs.join(sep);","});","lines = function(str){","  if (!str.length) {","    return [];","  }","  return str.split('\\n');","};","unlines = function(it){","  return it.join('\\n');","};","words = function(str){","  if (!str.length) {","    return [];","  }","  return str.split(/[ ]+/);","};","unwords = function(it){","  return it.join(' ');","};","chars = function(it){","  return it.split('');","};","unchars = function(it){","  return it.join('');","};","reverse = function(str){","  return str.split('').reverse().join('');","};","repeat = curry$(function(n, str){","  var result, i$;","  result = '';","  for (i$ = 0; i$ < n; ++i$) {","    result += str;","  }","  return result;","});","capitalize = function(str){","  return str.charAt(0).toUpperCase() + str.slice(1);","};","camelize = function(it){","  return it.replace(/[-_]+(.)?/g, function(arg$, c){","    return (c != null ? c : '').toUpperCase();","  });","};","dasherize = function(str){","  return str.replace(/([^-A-Z])([A-Z]+)/g, function(arg$, lower, upper){","    return lower + \"-\" + (upper.length > 1","      ? upper","      : upper.toLowerCase());","  }).replace(/^([A-Z]+)/, function(arg$, upper){","    if (upper.length > 1) {","      return upper + \"-\";","    } else {","      return upper.toLowerCase();","    }","  });","};","module.exports = {","  split: split,","  join: join,","  lines: lines,","  unlines: unlines,","  words: words,","  unwords: unwords,","  chars: chars,","  unchars: unchars,","  reverse: reverse,","  repeat: repeat,","  capitalize: capitalize,","  camelize: camelize,","  dasherize: dasherize","};","function curry$(f, bound){","  var context,","  _curry = function(args) {","    return f.length > 1 ? function(){","      var params = args ? args.concat() : [];","      context = bound ? context || this : this;","      return params.push.apply(params, arguments) <","          f.length && arguments.length ?","        _curry.call(context, params) : f.apply(context, params);","    } : f;","  };","  return _curry();","}"],"l":{"2":1,"3":1,"4":0,"6":1,"7":0,"9":1,"10":0,"11":0,"13":0,"15":1,"16":0,"18":1,"19":0,"20":0,"22":0,"24":1,"25":0,"27":1,"28":0,"30":1,"31":0,"33":1,"34":0,"36":1,"37":0,"38":0,"39":0,"40":0,"42":0,"44":1,"45":0,"47":1,"48":0,"49":0,"52":1,"53":0,"54":0,"58":0,"59":0,"61":0,"65":1,"80":1,"81":3,"83":3,"84":0,"85":0,"86":0,"91":3}},"/home/travis/build/npmtest/node-npmtest-prelude-ls/node_modules/prelude-ls/lib/Num.js":{"path":"/home/travis/build/npmtest/node-npmtest-prelude-ls/node_modules/prelude-ls/lib/Num.js","s":{"1":1,"2":1,"3":0,"4":1,"5":0,"6":1,"7":0,"8":1,"9":1,"10":0,"11":0,"12":0,"13":0,"14":0,"15":1,"16":0,"17":1,"18":0,"19":1,"20":0,"21":1,"22":0,"23":0,"24":1,"25":0,"26":1,"27":1,"28":1,"29":1,"30":1,"31":1,"32":0,"33":1,"34":1,"35":1,"36":1,"37":1,"38":1,"39":1,"40":0,"41":1,"42":0,"43":1,"44":1,"45":1,"46":1,"47":0,"48":1,"49":0,"50":1,"51":0,"52":1,"53":0,"54":0,"55":0,"56":0,"57":0,"58":0,"59":0,"60":0,"61":1,"62":0,"63":1,"64":1,"65":10,"66":10,"67":0,"68":0,"69":0,"70":10},"b":{"1":[0,0],"2":[0,0],"3":[0,0],"4":[0,0],"5":[10,0],"6":[0,0],"7":[0,0],"8":[0,0],"9":[0,0],"10":[0,0]},"f":{"1":0,"2":0,"3":0,"4":0,"5":0,"6":0,"7":0,"8":0,"9":0,"10":0,"11":0,"12":0,"13":0,"14":0,"15":0,"16":0,"17":0,"18":10,"19":10,"20":0},"fnMap":{"1":{"name":"(anonymous_1)","line":3,"loc":{"start":{"line":3,"column":13},"end":{"line":3,"column":29}}},"2":{"name":"(anonymous_2)","line":6,"loc":{"start":{"line":6,"column":13},"end":{"line":6,"column":29}}},"3":{"name":"(anonymous_3)","line":9,"loc":{"start":{"line":9,"column":9},"end":{"line":9,"column":20}}},"4":{"name":"(anonymous_4)","line":13,"loc":{"start":{"line":13,"column":9},"end":{"line":13,"column":20}}},"5":{"name":"(anonymous_5)","line":22,"loc":{"start":{"line":22,"column":14},"end":{"line":22,"column":28}}},"6":{"name":"(anonymous_6)","line":25,"loc":{"start":{"line":25,"column":13},"end":{"line":25,"column":29}}},"7":{"name":"(anonymous_7)","line":28,"loc":{"start":{"line":28,"column":13},"end":{"line":28,"column":27}}},"8":{"name":"(anonymous_8)","line":31,"loc":{"start":{"line":31,"column":13},"end":{"line":31,"column":29}}},"9":{"name":"(anonymous_9)","line":35,"loc":{"start":{"line":35,"column":9},"end":{"line":35,"column":21}}},"10":{"name":"(anonymous_10)","line":43,"loc":{"start":{"line":43,"column":13},"end":{"line":43,"column":29}}},"11":{"name":"(anonymous_11)","line":52,"loc":{"start":{"line":52,"column":15},"end":{"line":52,"column":29}}},"12":{"name":"(anonymous_12)","line":55,"loc":{"start":{"line":55,"column":11},"end":{"line":55,"column":22}}},"13":{"name":"(anonymous_13)","line":61,"loc":{"start":{"line":61,"column":10},"end":{"line":61,"column":21}}},"14":{"name":"(anonymous_14)","line":64,"loc":{"start":{"line":64,"column":7},"end":{"line":64,"column":18}}},"15":{"name":"(anonymous_15)","line":67,"loc":{"start":{"line":67,"column":6},"end":{"line":67,"column":17}}},"16":{"name":"(anonymous_16)","line":70,"loc":{"start":{"line":70,"column":13},"end":{"line":70,"column":27}}},"17":{"name":"(anonymous_17)","line":81,"loc":{"start":{"line":81,"column":13},"end":{"line":81,"column":27}}},"18":{"name":"curry$","line":118,"loc":{"start":{"line":118,"column":0},"end":{"line":118,"column":25}}},"19":{"name":"(anonymous_19)","line":120,"loc":{"start":{"line":120,"column":11},"end":{"line":120,"column":26}}},"20":{"name":"(anonymous_20)","line":121,"loc":{"start":{"line":121,"column":26},"end":{"line":121,"column":36}}}},"statementMap":{"1":{"start":{"line":2,"column":0},"end":{"line":2,"column":194}},"2":{"start":{"line":3,"column":0},"end":{"line":5,"column":3}},"3":{"start":{"line":4,"column":2},"end":{"line":4,"column":27}},"4":{"start":{"line":6,"column":0},"end":{"line":8,"column":3}},"5":{"start":{"line":7,"column":2},"end":{"line":7,"column":27}},"6":{"start":{"line":9,"column":0},"end":{"line":11,"column":2}},"7":{"start":{"line":10,"column":2},"end":{"line":10,"column":12}},"8":{"start":{"line":12,"column":0},"end":{"line":12,"column":15}},"9":{"start":{"line":13,"column":0},"end":{"line":21,"column":2}},"10":{"start":{"line":14,"column":2},"end":{"line":20,"column":3}},"11":{"start":{"line":15,"column":4},"end":{"line":15,"column":14}},"12":{"start":{"line":16,"column":9},"end":{"line":20,"column":3}},"13":{"start":{"line":17,"column":4},"end":{"line":17,"column":13}},"14":{"start":{"line":19,"column":4},"end":{"line":19,"column":13}},"15":{"start":{"line":22,"column":0},"end":{"line":24,"column":3}},"16":{"start":{"line":23,"column":2},"end":{"line":23,"column":19}},"17":{"start":{"line":25,"column":0},"end":{"line":27,"column":3}},"18":{"start":{"line":26,"column":2},"end":{"line":26,"column":17}},"19":{"start":{"line":28,"column":0},"end":{"line":30,"column":3}},"20":{"start":{"line":29,"column":2},"end":{"line":29,"column":27}},"21":{"start":{"line":31,"column":0},"end":{"line":34,"column":3}},"22":{"start":{"line":32,"column":2},"end":{"line":32,"column":11}},"23":{"start":{"line":33,"column":2},"end":{"line":33,"column":46}},"24":{"start":{"line":35,"column":0},"end":{"line":37,"column":3}},"25":{"start":{"line":36,"column":2},"end":{"line":36,"column":16}},"26":{"start":{"line":38,"column":0},"end":{"line":38,"column":13}},"27":{"start":{"line":39,"column":0},"end":{"line":39,"column":13}},"28":{"start":{"line":40,"column":0},"end":{"line":40,"column":15}},"29":{"start":{"line":41,"column":0},"end":{"line":41,"column":17}},"30":{"start":{"line":42,"column":0},"end":{"line":42,"column":14}},"31":{"start":{"line":43,"column":0},"end":{"line":45,"column":3}},"32":{"start":{"line":44,"column":2},"end":{"line":44,"column":26}},"33":{"start":{"line":46,"column":0},"end":{"line":46,"column":15}},"34":{"start":{"line":47,"column":0},"end":{"line":47,"column":15}},"35":{"start":{"line":48,"column":0},"end":{"line":48,"column":15}},"36":{"start":{"line":49,"column":0},"end":{"line":49,"column":17}},"37":{"start":{"line":50,"column":0},"end":{"line":50,"column":17}},"38":{"start":{"line":51,"column":0},"end":{"line":51,"column":17}},"39":{"start":{"line":52,"column":0},"end":{"line":54,"column":3}},"40":{"start":{"line":53,"column":2},"end":{"line":53,"column":26}},"41":{"start":{"line":55,"column":0},"end":{"line":57,"column":2}},"42":{"start":{"line":56,"column":2},"end":{"line":56,"column":13}},"43":{"start":{"line":58,"column":0},"end":{"line":58,"column":19}},"44":{"start":{"line":59,"column":0},"end":{"line":59,"column":20}},"45":{"start":{"line":60,"column":0},"end":{"line":60,"column":19}},"46":{"start":{"line":61,"column":0},"end":{"line":63,"column":2}},"47":{"start":{"line":62,"column":2},"end":{"line":62,"column":17}},"48":{"start":{"line":64,"column":0},"end":{"line":66,"column":2}},"49":{"start":{"line":65,"column":2},"end":{"line":65,"column":21}},"50":{"start":{"line":67,"column":0},"end":{"line":69,"column":2}},"51":{"start":{"line":68,"column":2},"end":{"line":68,"column":21}},"52":{"start":{"line":70,"column":0},"end":{"line":80,"column":3}},"53":{"start":{"line":71,"column":2},"end":{"line":71,"column":8}},"54":{"start":{"line":72,"column":2},"end":{"line":72,"column":18}},"55":{"start":{"line":73,"column":2},"end":{"line":73,"column":18}},"56":{"start":{"line":74,"column":2},"end":{"line":78,"column":3}},"57":{"start":{"line":75,"column":4},"end":{"line":75,"column":14}},"58":{"start":{"line":76,"column":4},"end":{"line":76,"column":10}},"59":{"start":{"line":77,"column":4},"end":{"line":77,"column":10}},"60":{"start":{"line":79,"column":2},"end":{"line":79,"column":11}},"61":{"start":{"line":81,"column":0},"end":{"line":83,"column":3}},"62":{"start":{"line":82,"column":2},"end":{"line":82,"column":49}},"63":{"start":{"line":84,"column":0},"end":{"line":117,"column":2}},"64":{"start":{"line":118,"column":0},"end":{"line":130,"column":1}},"65":{"start":{"line":119,"column":2},"end":{"line":128,"column":4}},"66":{"start":{"line":121,"column":4},"end":{"line":127,"column":10}},"67":{"start":{"line":122,"column":6},"end":{"line":122,"column":45}},"68":{"start":{"line":123,"column":6},"end":{"line":123,"column":47}},"69":{"start":{"line":124,"column":6},"end":{"line":126,"column":64}},"70":{"start":{"line":129,"column":2},"end":{"line":129,"column":18}}},"branchMap":{"1":{"line":4,"type":"cond-expr","locations":[{"start":{"line":4,"column":19},"end":{"line":4,"column":21}},{"start":{"line":4,"column":24},"end":{"line":4,"column":26}}]},"2":{"line":7,"type":"cond-expr","locations":[{"start":{"line":7,"column":19},"end":{"line":7,"column":21}},{"start":{"line":7,"column":24},"end":{"line":7,"column":26}}]},"3":{"line":14,"type":"if","locations":[{"start":{"line":14,"column":2},"end":{"line":14,"column":2}},{"start":{"line":14,"column":2},"end":{"line":14,"column":2}}]},"4":{"line":16,"type":"if","locations":[{"start":{"line":16,"column":9},"end":{"line":16,"column":9}},{"start":{"line":16,"column":9},"end":{"line":16,"column":9}}]},"5":{"line":121,"type":"cond-expr","locations":[{"start":{"line":121,"column":26},"end":{"line":127,"column":5}},{"start":{"line":127,"column":8},"end":{"line":127,"column":9}}]},"6":{"line":122,"type":"cond-expr","locations":[{"start":{"line":122,"column":26},"end":{"line":122,"column":39}},{"start":{"line":122,"column":42},"end":{"line":122,"column":44}}]},"7":{"line":123,"type":"cond-expr","locations":[{"start":{"line":123,"column":24},"end":{"line":123,"column":39}},{"start":{"line":123,"column":42},"end":{"line":123,"column":46}}]},"8":{"line":123,"type":"binary-expr","locations":[{"start":{"line":123,"column":24},"end":{"line":123,"column":31}},{"start":{"line":123,"column":35},"end":{"line":123,"column":39}}]},"9":{"line":124,"type":"cond-expr","locations":[{"start":{"line":126,"column":8},"end":{"line":126,"column":36}},{"start":{"line":126,"column":39},"end":{"line":126,"column":63}}]},"10":{"line":124,"type":"binary-expr","locations":[{"start":{"line":124,"column":13},"end":{"line":125,"column":18}},{"start":{"line":125,"column":22},"end":{"line":125,"column":38}}]}},"code":["// Generated by LiveScript 1.4.0","var max, min, negate, abs, signum, quot, rem, div, mod, recip, pi, tau, exp, sqrt, ln, pow, sin, tan, cos, asin, acos, atan, atan2, truncate, round, ceiling, floor, isItNaN, even, odd, gcd, lcm;","max = curry$(function(x$, y$){","  return x$ > y$ ? x$ : y$;","});","min = curry$(function(x$, y$){","  return x$ < y$ ? x$ : y$;","});","negate = function(x){","  return -x;","};","abs = Math.abs;","signum = function(x){","  if (x < 0) {","    return -1;","  } else if (x > 0) {","    return 1;","  } else {","    return 0;","  }","};","quot = curry$(function(x, y){","  return ~~(x / y);","});","rem = curry$(function(x$, y$){","  return x$ % y$;","});","div = curry$(function(x, y){","  return Math.floor(x / y);","});","mod = curry$(function(x$, y$){","  var ref$;","  return (((x$) % (ref$ = y$) + ref$) % ref$);","});","recip = (function(it){","  return 1 / it;","});","pi = Math.PI;","tau = pi * 2;","exp = Math.exp;","sqrt = Math.sqrt;","ln = Math.log;","pow = curry$(function(x$, y$){","  return Math.pow(x$, y$);","});","sin = Math.sin;","tan = Math.tan;","cos = Math.cos;","asin = Math.asin;","acos = Math.acos;","atan = Math.atan;","atan2 = curry$(function(x, y){","  return Math.atan2(x, y);","});","truncate = function(x){","  return ~~x;","};","round = Math.round;","ceiling = Math.ceil;","floor = Math.floor;","isItNaN = function(x){","  return x !== x;","};","even = function(x){","  return x % 2 === 0;","};","odd = function(x){","  return x % 2 !== 0;","};","gcd = curry$(function(x, y){","  var z;","  x = Math.abs(x);","  y = Math.abs(y);","  while (y !== 0) {","    z = x % y;","    x = y;","    y = z;","  }","  return x;","});","lcm = curry$(function(x, y){","  return Math.abs(Math.floor(x / gcd(x, y) * y));","});","module.exports = {","  max: max,","  min: min,","  negate: negate,","  abs: abs,","  signum: signum,","  quot: quot,","  rem: rem,","  div: div,","  mod: mod,","  recip: recip,","  pi: pi,","  tau: tau,","  exp: exp,","  sqrt: sqrt,","  ln: ln,","  pow: pow,","  sin: sin,","  tan: tan,","  cos: cos,","  acos: acos,","  asin: asin,","  atan: atan,","  atan2: atan2,","  truncate: truncate,","  round: round,","  ceiling: ceiling,","  floor: floor,","  isItNaN: isItNaN,","  even: even,","  odd: odd,","  gcd: gcd,","  lcm: lcm","};","function curry$(f, bound){","  var context,","  _curry = function(args) {","    return f.length > 1 ? function(){","      var params = args ? args.concat() : [];","      context = bound ? context || this : this;","      return params.push.apply(params, arguments) <","          f.length && arguments.length ?","        _curry.call(context, params) : f.apply(context, params);","    } : f;","  };","  return _curry();","}"],"l":{"2":1,"3":1,"4":0,"6":1,"7":0,"9":1,"10":0,"12":1,"13":1,"14":0,"15":0,"16":0,"17":0,"19":0,"22":1,"23":0,"25":1,"26":0,"28":1,"29":0,"31":1,"32":0,"33":0,"35":1,"36":0,"38":1,"39":1,"40":1,"41":1,"42":1,"43":1,"44":0,"46":1,"47":1,"48":1,"49":1,"50":1,"51":1,"52":1,"53":0,"55":1,"56":0,"58":1,"59":1,"60":1,"61":1,"62":0,"64":1,"65":0,"67":1,"68":0,"70":1,"71":0,"72":0,"73":0,"74":0,"75":0,"76":0,"77":0,"79":0,"81":1,"82":0,"84":1,"118":1,"119":10,"121":10,"122":0,"123":0,"124":0,"129":10}}}